<?xml version="1.0" ?>
<!DOCTYPE coverage
  SYSTEM 'http://cobertura.sourceforge.net/xml/coverage-03.dtd'>
<coverage branch-rate="0.208" line-rate="0.27" timestamp="1361564737568" version="3.6b3">
	<!-- Generated by coverage.py: http://nedbatchelder.com/code/coverage/3.6b3 -->
	<packages>
		<package branch-rate="0" complexity="0" line-rate="1" name="">
			<classes>
				<class branch-rate="0" complexity="0" filename="tests/acception/test_runner_migrations.py" line-rate="1" name="tests/acception/test_runner_migrations">
					<methods/>
					<lines>
						<line hits="1" number="3"/>
						<line hits="1" number="4"/>
						<line hits="1" number="6"/>
						<line hits="1" number="8"/>
						<line hits="1" number="10"/>
						<line hits="1" number="11"/>
						<line hits="1" number="14"/>
						<line hits="1" number="16"/>
						<line hits="1" number="17"/>
						<line hits="1" number="19"/>
						<line hits="1" number="20"/>
						<line hits="1" number="21"/>
					</lines>
				</class>
			</classes>
		</package>
		<package branch-rate="0.2914" complexity="0" line-rate="0.2751" name=".Users.gustavo.guimaraes..virtualenvs.busca.lib.python2">
			<classes>
				<class branch-rate="0.1591" complexity="0" filename="/Users/gustavo.guimaraes/.virtualenvs/busca/lib/python2.7/site-packages/nose/case.py" line-rate="0.2549" name="/Users/gustavo.guimaraes/.virtualenvs/busca/lib/python2.7/site-packages/nose/case">
					<methods/>
					<lines>
						<line hits="0" number="5"/>
						<line hits="0" number="6"/>
						<line hits="0" number="7"/>
						<line hits="0" number="8"/>
						<line hits="0" number="9"/>
						<line hits="0" number="10"/>
						<line hits="0" number="11"/>
						<line hits="0" number="13"/>
						<line hits="0" number="16"/>
						<line hits="0" number="19"/>
						<line hits="0" number="26"/>
						<line hits="0" number="27"/>
						<line branch="true" condition-coverage="50% (1/2)" hits="1" number="29"/>
						<line hits="0" number="30"/>
						<line hits="1" number="33"/>
						<line branch="true" condition-coverage="50% (1/2)" hits="1" number="34"/>
						<line hits="0" number="35"/>
						<line hits="1" number="36"/>
						<line hits="1" number="37"/>
						<line hits="1" number="38"/>
						<line hits="1" number="39"/>
						<line hits="1" number="40"/>
						<line hits="1" number="41"/>
						<line hits="1" number="42"/>
						<line hits="0" number="44"/>
						<line hits="1" number="45"/>
						<line hits="0" number="47"/>
						<line hits="1" number="48"/>
						<line branch="true" condition-coverage="50% (1/2)" hits="1" number="49"/>
						<line hits="0" number="50"/>
						<line hits="1" number="51"/>
						<line hits="0" number="53"/>
						<line hits="0" number="54"/>
						<line hits="0" number="56"/>
						<line hits="1" number="59"/>
						<line hits="1" number="60"/>
						<line hits="0" number="61"/>
						<line hits="0" number="62"/>
						<line hits="1" number="64"/>
						<line hits="0" number="66"/>
						<line hits="1" number="69"/>
						<line hits="1" number="70"/>
						<line hits="0" number="71"/>
						<line hits="0" number="72"/>
						<line hits="1" number="74"/>
						<line hits="0" number="76"/>
						<line hits="0" number="79"/>
						<line hits="0" number="80"/>
						<line hits="0" number="82"/>
						<line hits="0" number="85"/>
						<line hits="0" number="87"/>
						<line branch="true" condition-coverage="0% (0/2)" hits="0" number="92"/>
						<line hits="0" number="93"/>
						<line hits="0" number="96"/>
						<line hits="0" number="98"/>
						<line hits="1" number="99"/>
						<line hits="1" number="100"/>
						<line hits="1" number="101"/>
						<line hits="1" number="102"/>
						<line hits="1" number="103"/>
						<line hits="1" number="104"/>
						<line hits="0" number="105"/>
						<line hits="0" number="106"/>
						<line hits="0" number="107"/>
						<line hits="0" number="108"/>
						<line hits="0" number="109"/>
						<line hits="0" number="110"/>
						<line hits="0" number="111"/>
						<line hits="0" number="112"/>
						<line hits="0" number="115"/>
						<line branch="true" condition-coverage="50% (1/2)" hits="1" number="128"/>
						<line hits="1" number="129"/>
						<line hits="1" number="130"/>
						<line hits="1" number="131"/>
						<line hits="1" number="132"/>
						<line hits="1" number="133"/>
						<line hits="0" number="134"/>
						<line hits="0" number="135"/>
						<line hits="0" number="136"/>
						<line hits="0" number="137"/>
						<line hits="0" number="138"/>
						<line hits="1" number="140"/>
						<line hits="0" number="142"/>
						<line hits="1" number="147"/>
						<line hits="1" number="148"/>
						<line branch="true" condition-coverage="50% (1/2)" hits="1" number="149"/>
						<line hits="0" number="150"/>
						<line hits="1" number="151"/>
						<line hits="0" number="153"/>
						<line hits="1" number="154"/>
						<line branch="true" condition-coverage="50% (1/2)" hits="1" number="155"/>
						<line hits="0" number="156"/>
						<line hits="1" number="159"/>
						<line hits="1" number="160"/>
						<line hits="1" number="161"/>
						<line hits="1" number="162"/>
						<line hits="1" number="163"/>
						<line hits="1" number="165"/>
						<line hits="1" number="167"/>
						<line hits="1" number="168"/>
						<line hits="1" number="172"/>
						<line hits="1" number="173"/>
						<line hits="0" number="174"/>
						<line hits="0" number="177"/>
						<line hits="1" number="178"/>
						<line branch="true" condition-coverage="50% (1/2)" hits="1" number="179"/>
						<line hits="0" number="180"/>
						<line hits="0" number="181"/>
						<line hits="0" number="184"/>
						<line hits="1" number="185"/>
						<line hits="0" number="188"/>
						<line hits="0" number="191"/>
						<line hits="0" number="193"/>
						<line hits="0" number="194"/>
						<line hits="0" number="196"/>
						<line hits="0" number="197"/>
						<line hits="0" number="199"/>
						<line branch="true" condition-coverage="0% (0/2)" hits="0" number="200"/>
						<line hits="0" number="201"/>
						<line hits="0" number="202"/>
						<line hits="0" number="203"/>
						<line branch="true" condition-coverage="0% (0/2)" hits="0" number="204"/>
						<line hits="0" number="205"/>
						<line hits="0" number="206"/>
						<line hits="0" number="209"/>
						<line hits="0" number="215"/>
						<line hits="0" number="217"/>
						<line hits="0" number="238"/>
						<line hits="0" number="239"/>
						<line hits="0" number="240"/>
						<line hits="0" number="241"/>
						<line hits="0" number="242"/>
						<line hits="0" number="243"/>
						<line hits="0" number="245"/>
						<line branch="true" condition-coverage="0% (0/2)" hits="0" number="250"/>
						<line hits="0" number="251"/>
						<line hits="0" number="253"/>
						<line hits="0" number="255"/>
						<line hits="0" number="256"/>
						<line hits="0" number="257"/>
						<line hits="0" number="260"/>
						<line branch="true" condition-coverage="0% (0/2)" hits="0" number="263"/>
						<line hits="0" number="264"/>
						<line hits="0" number="266"/>
						<line hits="0" number="267"/>
						<line hits="0" number="269"/>
						<line branch="true" condition-coverage="0% (0/2)" hits="0" number="272"/>
						<line hits="0" number="273"/>
						<line hits="0" number="275"/>
						<line hits="0" number="276"/>
						<line hits="0" number="278"/>
						<line hits="0" number="279"/>
						<line branch="true" condition-coverage="0% (0/2)" hits="0" number="280"/>
						<line hits="0" number="281"/>
						<line hits="0" number="283"/>
						<line hits="0" number="284"/>
						<line branch="true" condition-coverage="0% (0/2)" hits="0" number="285"/>
						<line hits="0" number="286"/>
						<line hits="0" number="290"/>
						<line hits="0" number="291"/>
						<line hits="0" number="293"/>
						<line branch="true" condition-coverage="0% (0/2)" hits="0" number="301"/>
						<line hits="0" number="302"/>
						<line hits="0" number="304"/>
						<line hits="0" number="307"/>
						<line hits="0" number="313"/>
						<line hits="0" number="315"/>
						<line hits="0" number="338"/>
						<line hits="0" number="339"/>
						<line hits="0" number="340"/>
						<line hits="0" number="341"/>
						<line branch="true" condition-coverage="0% (0/2)" hits="0" number="342"/>
						<line hits="0" number="343"/>
						<line hits="0" number="344"/>
						<line hits="0" number="345"/>
						<line branch="true" condition-coverage="0% (0/2)" hits="0" number="346"/>
						<line hits="0" number="347"/>
						<line hits="0" number="348"/>
						<line hits="0" number="349"/>
						<line hits="0" number="351"/>
						<line hits="0" number="352"/>
						<line branch="true" condition-coverage="0% (0/2)" hits="0" number="353"/>
						<line hits="0" number="354"/>
						<line hits="0" number="356"/>
						<line hits="0" number="357"/>
						<line branch="true" condition-coverage="0% (0/2)" hits="0" number="360"/>
						<line hits="0" number="361"/>
						<line hits="0" number="362"/>
						<line hits="0" number="363"/>
						<line hits="0" number="365"/>
						<line branch="true" condition-coverage="0% (0/2)" hits="0" number="370"/>
						<line hits="0" number="371"/>
						<line hits="0" number="373"/>
						<line hits="0" number="375"/>
						<line hits="0" number="376"/>
						<line hits="0" number="377"/>
						<line hits="0" number="380"/>
						<line hits="0" number="381"/>
						<line hits="0" number="383"/>
						<line hits="0" number="384"/>
						<line hits="0" number="386"/>
						<line branch="true" condition-coverage="0% (0/2)" hits="0" number="394"/>
						<line hits="0" number="395"/>
						<line hits="0" number="397"/>
					</lines>
				</class>
				<class branch-rate="0.1034" complexity="0" filename="/Users/gustavo.guimaraes/.virtualenvs/busca/lib/python2.7/site-packages/nose/core.py" line-rate="0.1346" name="/Users/gustavo.guimaraes/.virtualenvs/busca/lib/python2.7/site-packages/nose/core">
					<methods/>
					<lines>
						<line hits="0" number="3"/>
						<line hits="0" number="5"/>
						<line hits="0" number="6"/>
						<line hits="0" number="7"/>
						<line hits="0" number="8"/>
						<line hits="0" number="9"/>
						<line hits="0" number="11"/>
						<line hits="0" number="12"/>
						<line hits="0" number="13"/>
						<line hits="0" number="15"/>
						<line hits="0" number="16"/>
						<line hits="0" number="17"/>
						<line hits="0" number="20"/>
						<line hits="0" number="21"/>
						<line hits="0" number="23"/>
						<line hits="0" number="27"/>
						<line hits="0" number="32"/>
						<line branch="true" condition-coverage="50% (1/2)" hits="1" number="34"/>
						<line hits="0" number="35"/>
						<line hits="1" number="36"/>
						<line hits="1" number="37"/>
						<line hits="0" number="40"/>
						<line hits="1" number="41"/>
						<line hits="0" number="46"/>
						<line hits="1" number="50"/>
						<line branch="true" condition-coverage="50% (1/2)" hits="1" number="51"/>
						<line hits="0" number="52"/>
						<line hits="1" number="55"/>
						<line branch="true" condition-coverage="50% (1/2)" hits="1" number="56"/>
						<line hits="1" number="57"/>
						<line hits="1" number="59"/>
						<line hits="1" number="60"/>
						<line hits="1" number="61"/>
						<line hits="1" number="62"/>
						<line hits="0" number="63"/>
						<line hits="0" number="64"/>
						<line hits="0" number="65"/>
						<line hits="0" number="66"/>
						<line hits="0" number="69"/>
						<line hits="0" number="97"/>
						<line hits="0" number="99"/>
						<line branch="true" condition-coverage="0% (0/2)" hits="0" number="102"/>
						<line hits="0" number="103"/>
						<line branch="true" condition-coverage="0% (0/2)" hits="0" number="104"/>
						<line hits="0" number="105"/>
						<line branch="true" condition-coverage="0% (0/2)" hits="0" number="106"/>
						<line hits="0" number="107"/>
						<line hits="0" number="108"/>
						<line hits="0" number="109"/>
						<line hits="0" number="110"/>
						<line hits="0" number="111"/>
						<line hits="0" number="112"/>
						<line branch="true" condition-coverage="0% (0/2)" hits="0" number="113"/>
						<line hits="0" number="114"/>
						<line hits="0" number="115"/>
						<line hits="0" number="120"/>
						<line hits="0" number="124"/>
						<line branch="true" condition-coverage="0% (0/2)" hits="0" number="125"/>
						<line hits="0" number="126"/>
						<line hits="0" number="128"/>
						<line hits="0" number="129"/>
						<line hits="0" number="132"/>
						<line hits="0" number="135"/>
						<line hits="0" number="136"/>
						<line branch="true" condition-coverage="0% (0/2)" hits="0" number="140"/>
						<line hits="0" number="141"/>
						<line hits="0" number="142"/>
						<line hits="0" number="143"/>
						<line hits="0" number="144"/>
						<line branch="true" condition-coverage="0% (0/2)" hits="0" number="146"/>
						<line hits="0" number="147"/>
						<line hits="0" number="148"/>
						<line branch="true" condition-coverage="0% (0/2)" hits="0" number="150"/>
						<line hits="0" number="151"/>
						<line branch="true" condition-coverage="0% (0/2)" hits="0" number="152"/>
						<line hits="0" number="153"/>
						<line hits="0" number="154"/>
						<line branch="true" condition-coverage="0% (0/2)" hits="0" number="155"/>
						<line hits="0" number="156"/>
						<line hits="0" number="157"/>
						<line branch="true" condition-coverage="0% (0/2)" hits="0" number="161"/>
						<line hits="0" number="162"/>
						<line hits="0" number="164"/>
						<line hits="0" number="165"/>
						<line hits="0" number="166"/>
						<line branch="true" condition-coverage="0% (0/2)" hits="0" number="167"/>
						<line hits="0" number="168"/>
						<line hits="0" number="169"/>
						<line hits="0" number="171"/>
						<line hits="1" number="177"/>
						<line branch="true" condition-coverage="50% (1/2)" hits="1" number="178"/>
						<line hits="0" number="181"/>
						<line hits="1" number="183"/>
						<line hits="0" number="185"/>
						<line hits="1" number="189"/>
						<line branch="true" condition-coverage="50% (1/2)" hits="1" number="190"/>
						<line hits="1" number="191"/>
						<line hits="1" number="194"/>
						<line branch="true" condition-coverage="50% (1/2)" hits="1" number="195"/>
						<line hits="0" number="196"/>
						<line hits="0" number="197"/>
						<line hits="0" number="198"/>
						<line branch="true" condition-coverage="0% (0/2)" hits="0" number="199"/>
						<line hits="0" number="200"/>
						<line hits="0" number="201"/>
						<line hits="0" number="203"/>
						<line hits="0" number="206"/>
						<line hits="0" number="208"/>
						<line hits="0" number="209"/>
						<line hits="0" number="210"/>
						<line hits="0" number="211"/>
						<line hits="0" number="212"/>
						<line hits="0" number="214"/>
						<line hits="0" number="215"/>
						<line branch="true" condition-coverage="0% (0/2)" hits="0" number="216"/>
						<line hits="0" number="217"/>
						<line branch="true" condition-coverage="0% (0/2)" hits="0" number="218"/>
						<line hits="0" number="219"/>
						<line hits="0" number="220"/>
						<line branch="true" condition-coverage="0% (0/2)" hits="0" number="223"/>
						<line hits="0" number="224"/>
						<line hits="0" number="225"/>
						<line branch="true" condition-coverage="0% (0/2)" hits="0" number="226"/>
						<line hits="0" number="227"/>
						<line hits="0" number="228"/>
						<line branch="true" condition-coverage="0% (0/2)" hits="0" number="229"/>
						<line hits="0" number="230"/>
						<line branch="true" condition-coverage="0% (0/2)" hits="0" number="231"/>
						<line hits="0" number="232"/>
						<line hits="0" number="236"/>
						<line hits="0" number="238"/>
						<line hits="0" number="239"/>
						<line branch="true" condition-coverage="0% (0/2)" hits="0" number="240"/>
						<line hits="0" number="241"/>
						<line branch="true" condition-coverage="0% (0/2)" hits="0" number="242"/>
						<line hits="0" number="244"/>
						<line hits="0" number="246"/>
						<line hits="0" number="248"/>
						<line hits="0" number="251"/>
						<line hits="0" number="254"/>
						<line hits="0" number="283"/>
						<line hits="0" number="284"/>
						<line hits="0" number="287"/>
						<line hits="0" number="292"/>
						<line hits="0" number="295"/>
						<line hits="0" number="305"/>
						<line hits="0" number="309"/>
						<line hits="0" number="310"/>
						<line hits="0" number="312"/>
						<line hits="0" number="313"/>
						<line branch="true" condition-coverage="0% (0/2)" hits="0" number="315"/>
						<line hits="0" number="316"/>
						<line hits="0" number="318"/>
						<line hits="0" number="319"/>
						<line branch="true" condition-coverage="0% (0/2)" hits="0" number="323"/>
						<line hits="0" number="324"/>
					</lines>
				</class>
				<class branch-rate="0.4314" complexity="0" filename="/Users/gustavo.guimaraes/.virtualenvs/busca/lib/python2.7/site-packages/nose/importer.py" line-rate="0.5543" name="/Users/gustavo.guimaraes/.virtualenvs/busca/lib/python2.7/site-packages/nose/importer">
					<methods/>
					<lines>
						<line hits="0" number="7"/>
						<line hits="0" number="8"/>
						<line hits="0" number="9"/>
						<line hits="0" number="10"/>
						<line hits="0" number="12"/>
						<line hits="0" number="14"/>
						<line hits="0" number="16"/>
						<line hits="0" number="21"/>
						<line branch="true" condition-coverage="50% (1/2)" hits="1" number="22"/>
						<line hits="0" number="23"/>
						<line hits="1" number="24"/>
						<line hits="0" number="26"/>
						<line hits="1" number="32"/>
						<line hits="1" number="33"/>
						<line branch="true" condition-coverage="50% (1/2)" hits="1" number="34"/>
						<line hits="0" number="35"/>
						<line hits="1" number="36"/>
						<line hits="1" number="37"/>
						<line hits="1" number="39"/>
						<line hits="0" number="41"/>
						<line hits="1" number="45"/>
						<line hits="1" number="46"/>
						<line branch="true" condition-coverage="50% (1/2)" hits="1" number="51"/>
						<line hits="0" number="52"/>
						<line branch="true" condition-coverage="50% (1/2)" hits="1" number="54"/>
						<line hits="1" number="55"/>
						<line hits="1" number="57"/>
						<line hits="1" number="58"/>
						<line hits="1" number="59"/>
						<line hits="1" number="60"/>
						<line branch="true" condition-coverage="100% (2/2)" hits="1" number="62"/>
						<line branch="true" condition-coverage="50% (1/2)" hits="1" number="63"/>
						<line hits="1" number="64"/>
						<line hits="0" number="66"/>
						<line hits="1" number="67"/>
						<line hits="1" number="68"/>
						<line hits="1" number="69"/>
						<line hits="1" number="71"/>
						<line hits="1" number="72"/>
						<line branch="true" condition-coverage="50% (1/2)" hits="1" number="73"/>
						<line hits="0" number="77"/>
						<line branch="true" condition-coverage="0% (0/4)" hits="0" number="78"/>
						<line hits="0" number="81"/>
						<line hits="0" number="83"/>
						<line hits="0" number="84"/>
						<line hits="1" number="86"/>
						<line branch="true" condition-coverage="50% (1/2)" hits="1" number="88"/>
						<line hits="1" number="89"/>
						<line branch="true" condition-coverage="50% (1/2)" hits="1" number="90"/>
						<line branch="true" condition-coverage="50% (1/2)" hits="1" number="91"/>
						<line hits="0" number="92"/>
						<line branch="true" condition-coverage="50% (1/2)" hits="1" number="93"/>
						<line hits="0" number="94"/>
						<line hits="1" number="95"/>
						<line hits="1" number="96"/>
						<line hits="0" number="98"/>
						<line hits="0" number="99"/>
						<line branch="true" condition-coverage="0% (0/2)" hits="0" number="100"/>
						<line branch="true" condition-coverage="0% (0/2)" hits="0" number="101"/>
						<line hits="0" number="102"/>
						<line branch="true" condition-coverage="0% (0/2)" hits="0" number="105"/>
						<line hits="0" number="106"/>
						<line hits="0" number="112"/>
						<line hits="0" number="113"/>
						<line branch="true" condition-coverage="0% (0/2)" hits="0" number="114"/>
						<line hits="0" number="115"/>
						<line branch="true" condition-coverage="0% (0/2)" hits="0" number="118"/>
						<line hits="0" number="119"/>
						<line hits="0" number="120"/>
						<line hits="0" number="123"/>
						<line hits="1" number="130"/>
						<line branch="true" condition-coverage="50% (1/2)" hits="1" number="131"/>
						<line hits="0" number="132"/>
						<line hits="1" number="133"/>
						<line hits="1" number="134"/>
						<line branch="true" condition-coverage="66% (2/3)" hits="1" number="135"/>
						<line hits="0" number="137"/>
						<line branch="true" condition-coverage="100% (2/2)" hits="1" number="138"/>
						<line hits="1" number="139"/>
						<line hits="1" number="140"/>
						<line hits="1" number="141"/>
						<line branch="true" condition-coverage="50% (1/2)" hits="1" number="142"/>
						<line branch="true" condition-coverage="100% (2/2)" hits="1" number="143"/>
						<line hits="1" number="144"/>
						<line branch="true" condition-coverage="50% (1/2)" hits="1" number="145"/>
						<line hits="0" number="146"/>
						<line hits="0" number="147"/>
						<line hits="1" number="148"/>
						<line hits="0" number="151"/>
						<line hits="1" number="152"/>
						<line branch="true" condition-coverage="50% (1/2)" hits="1" number="153"/>
						<line hits="1" number="154"/>
					</lines>
				</class>
				<class branch-rate="0.3652" complexity="0" filename="/Users/gustavo.guimaraes/.virtualenvs/busca/lib/python2.7/site-packages/nose/loader.py" line-rate="0.3596" name="/Users/gustavo.guimaraes/.virtualenvs/busca/lib/python2.7/site-packages/nose/loader">
					<methods/>
					<lines>
						<line hits="0" number="9"/>
						<line hits="0" number="11"/>
						<line hits="0" number="12"/>
						<line hits="0" number="13"/>
						<line hits="0" number="14"/>
						<line hits="0" number="15"/>
						<line hits="0" number="16"/>
						<line hits="0" number="17"/>
						<line hits="0" number="18"/>
						<line hits="0" number="19"/>
						<line hits="0" number="20"/>
						<line hits="0" number="21"/>
						<line hits="0" number="22"/>
						<line hits="0" number="23"/>
						<line hits="0" number="26"/>
						<line hits="0" number="27"/>
						<line hits="0" number="30"/>
						<line hits="0" number="34"/>
						<line hits="0" number="35"/>
						<line hits="0" number="36"/>
						<line hits="0" number="37"/>
						<line hits="0" number="38"/>
						<line hits="0" number="41"/>
						<line hits="0" number="44"/>
						<line hits="0" number="53"/>
						<line hits="0" number="54"/>
						<line hits="0" number="55"/>
						<line hits="0" number="56"/>
						<line hits="0" number="57"/>
						<line hits="0" number="59"/>
						<line branch="true" condition-coverage="50% (1/2)" hits="1" number="79"/>
						<line hits="0" number="80"/>
						<line branch="true" condition-coverage="50% (1/2)" hits="1" number="81"/>
						<line hits="1" number="82"/>
						<line branch="true" condition-coverage="50% (1/2)" hits="1" number="83"/>
						<line hits="1" number="84"/>
						<line branch="true" condition-coverage="50% (1/2)" hits="1" number="85"/>
						<line hits="1" number="86"/>
						<line branch="true" condition-coverage="0% (0/2)" hits="0" number="87"/>
						<line hits="0" number="88"/>
						<line hits="1" number="89"/>
						<line hits="1" number="90"/>
						<line hits="1" number="91"/>
						<line hits="1" number="92"/>
						<line branch="true" condition-coverage="50% (1/2)" hits="1" number="93"/>
						<line hits="1" number="94"/>
						<line hits="1" number="95"/>
						<line hits="1" number="96"/>
						<line hits="0" number="98"/>
						<line branch="true" condition-coverage="50% (1/2)" hits="1" number="102"/>
						<line hits="0" number="103"/>
						<line hits="1" number="105"/>
						<line hits="1" number="106"/>
						<line branch="true" condition-coverage="50% (1/2)" hits="1" number="107"/>
						<line hits="0" number="108"/>
						<line branch="true" condition-coverage="100% (2/2)" hits="1" number="109"/>
						<line hits="1" number="110"/>
						<line hits="1" number="111"/>
						<line hits="1" number="112"/>
						<line branch="true" condition-coverage="100% (2/2)" hits="1" number="113"/>
						<line branch="true" condition-coverage="50% (1/2)" hits="1" number="114"/>
						<line branch="true" condition-coverage="0% (0/2)" hits="0" number="115"/>
						<line hits="0" number="116"/>
						<line branch="true" condition-coverage="50% (1/2)" hits="1" number="118"/>
						<line hits="0" number="119"/>
						<line branch="true" condition-coverage="50% (1/2)" hits="1" number="120"/>
						<line hits="1" number="121"/>
						<line hits="1" number="122"/>
						<line hits="0" number="124"/>
						<line hits="1" number="130"/>
						<line hits="1" number="131"/>
						<line hits="1" number="132"/>
						<line branch="true" condition-coverage="50% (1/2)" hits="1" number="133"/>
						<line hits="1" number="134"/>
						<line hits="1" number="136"/>
						<line hits="1" number="137"/>
						<line branch="true" condition-coverage="100% (2/2)" hits="1" number="138"/>
						<line branch="true" condition-coverage="50% (1/2)" hits="1" number="141"/>
						<line hits="0" number="142"/>
						<line hits="1" number="143"/>
						<line hits="1" number="144"/>
						<line hits="1" number="145"/>
						<line branch="true" condition-coverage="50% (1/2)" hits="1" number="146"/>
						<line hits="1" number="147"/>
						<line hits="1" number="148"/>
						<line hits="0" number="150"/>
						<line branch="true" condition-coverage="0% (0/2)" hits="0" number="151"/>
						<line branch="true" condition-coverage="0% (0/2)" hits="0" number="154"/>
						<line hits="0" number="155"/>
						<line hits="0" number="156"/>
						<line hits="1" number="157"/>
						<line branch="true" condition-coverage="100% (2/2)" hits="1" number="158"/>
						<line branch="true" condition-coverage="50% (1/2)" hits="1" number="159"/>
						<line hits="1" number="160"/>
						<line branch="true" condition-coverage="50% (1/2)" hits="1" number="161"/>
						<line hits="1" number="162"/>
						<line hits="0" number="165"/>
						<line hits="1" number="166"/>
						<line branch="true" condition-coverage="0% (0/2)" hits="0" number="167"/>
						<line hits="0" number="170"/>
						<line branch="true" condition-coverage="0% (0/2)" hits="0" number="174"/>
						<line hits="1" number="176"/>
						<line branch="true" condition-coverage="50% (1/2)" hits="1" number="177"/>
						<line hits="0" number="178"/>
						<line hits="1" number="180"/>
						<line branch="true" condition-coverage="50% (1/2)" hits="1" number="181"/>
						<line hits="0" number="182"/>
						<line hits="0" number="183"/>
						<line hits="0" number="184"/>
						<line hits="0" number="185"/>
						<line hits="0" number="186"/>
						<line branch="true" condition-coverage="50% (1/2)" hits="1" number="189"/>
						<line branch="true" condition-coverage="100% (2/2)" hits="1" number="190"/>
						<line hits="1" number="191"/>
						<line hits="1" number="192"/>
						<line hits="0" number="194"/>
						<line hits="0" number="199"/>
						<line hits="0" number="200"/>
						<line hits="0" number="201"/>
						<line branch="true" condition-coverage="0% (0/2)" hits="0" number="203"/>
						<line hits="0" number="207"/>
						<line hits="0" number="208"/>
						<line hits="0" number="211"/>
						<line hits="0" number="212"/>
						<line hits="0" number="214"/>
						<line hits="0" number="215"/>
						<line hits="0" number="216"/>
						<line hits="0" number="217"/>
						<line hits="0" number="218"/>
						<line hits="0" number="222"/>
						<line hits="0" number="229"/>
						<line hits="0" number="230"/>
						<line branch="true" condition-coverage="0% (0/2)" hits="0" number="231"/>
						<line hits="0" number="232"/>
						<line branch="true" condition-coverage="0% (0/2)" hits="0" number="233"/>
						<line hits="0" number="234"/>
						<line hits="0" number="235"/>
						<line hits="0" number="236"/>
						<line hits="0" number="237"/>
						<line hits="0" number="238"/>
						<line hits="0" number="239"/>
						<line hits="0" number="240"/>
						<line hits="0" number="242"/>
						<line hits="0" number="244"/>
						<line branch="true" condition-coverage="0% (0/2)" hits="0" number="256"/>
						<line hits="0" number="257"/>
						<line hits="0" number="258"/>
						<line hits="0" number="259"/>
						<line hits="0" number="260"/>
						<line hits="0" number="262"/>
						<line hits="0" number="263"/>
						<line branch="true" condition-coverage="0% (0/2)" hits="0" number="264"/>
						<line hits="0" number="265"/>
						<line branch="true" condition-coverage="0% (0/2)" hits="0" number="266"/>
						<line hits="0" number="267"/>
						<line branch="true" condition-coverage="0% (0/2)" hits="0" number="268"/>
						<line hits="0" number="269"/>
						<line branch="true" condition-coverage="0% (0/2)" hits="0" number="270"/>
						<line hits="0" number="275"/>
						<line hits="0" number="277"/>
						<line hits="0" number="280"/>
						<line hits="0" number="281"/>
						<line hits="0" number="282"/>
						<line hits="0" number="283"/>
						<line hits="0" number="284"/>
						<line hits="0" number="286"/>
						<line hits="0" number="288"/>
						<line hits="1" number="294"/>
						<line hits="1" number="295"/>
						<line hits="1" number="296"/>
						<line hits="1" number="297"/>
						<line branch="true" condition-coverage="50% (1/2)" hits="1" number="301"/>
						<line branch="true" condition-coverage="100% (2/2)" hits="1" number="302"/>
						<line hits="1" number="303"/>
						<line branch="true" condition-coverage="100% (2/2)" hits="1" number="305"/>
						<line branch="true" condition-coverage="50% (1/2)" hits="1" number="306"/>
						<line hits="1" number="307"/>
						<line branch="true" condition-coverage="50% (1/2)" hits="1" number="308"/>
						<line hits="0" number="309"/>
						<line branch="true" condition-coverage="100% (2/2)" hits="1" number="310"/>
						<line hits="1" number="311"/>
						<line branch="true" condition-coverage="100% (2/2)" hits="1" number="312"/>
						<line hits="1" number="318"/>
						<line branch="true" condition-coverage="50% (1/2)" hits="1" number="319"/>
						<line hits="1" number="320"/>
						<line branch="true" condition-coverage="50% (1/2)" hits="1" number="321"/>
						<line hits="0" number="322"/>
						<line hits="0" number="323"/>
						<line branch="true" condition-coverage="0% (0/3)" hits="0" number="325"/>
						<line hits="0" number="327"/>
						<line branch="true" condition-coverage="50% (1/2)" hits="1" number="329"/>
						<line hits="0" number="330"/>
						<line hits="1" number="332"/>
						<line hits="0" number="334"/>
						<line hits="1" number="342"/>
						<line hits="1" number="344"/>
						<line hits="1" number="347"/>
						<line branch="true" condition-coverage="50% (1/2)" hits="1" number="348"/>
						<line hits="0" number="349"/>
						<line hits="1" number="351"/>
						<line branch="true" condition-coverage="50% (1/2)" hits="1" number="352"/>
						<line branch="true" condition-coverage="0% (0/2)" hits="0" number="362"/>
						<line hits="0" number="363"/>
						<line hits="0" number="364"/>
						<line branch="true" condition-coverage="0% (0/3)" hits="0" number="365"/>
						<line hits="0" number="367"/>
						<line hits="0" number="368"/>
						<line hits="0" number="369"/>
						<line branch="true" condition-coverage="0% (0/2)" hits="0" number="370"/>
						<line hits="0" number="371"/>
						<line hits="0" number="373"/>
						<line branch="true" condition-coverage="100% (2/2)" hits="1" number="376"/>
						<line hits="1" number="377"/>
						<line branch="true" condition-coverage="50% (1/2)" hits="1" number="378"/>
						<line hits="0" number="379"/>
						<line hits="1" number="381"/>
						<line hits="1" number="388"/>
						<line hits="1" number="389"/>
						<line branch="true" condition-coverage="50% (1/2)" hits="1" number="392"/>
						<line hits="0" number="394"/>
						<line hits="0" number="395"/>
						<line hits="0" number="396"/>
						<line hits="0" number="397"/>
						<line hits="0" number="398"/>
						<line branch="true" condition-coverage="50% (1/2)" hits="1" number="400"/>
						<line hits="0" number="401"/>
						<line hits="1" number="403"/>
						<line branch="true" condition-coverage="50% (1/2)" hits="1" number="406"/>
						<line hits="1" number="407"/>
						<line branch="true" condition-coverage="50% (1/2)" hits="1" number="408"/>
						<line hits="0" number="409"/>
						<line branch="true" condition-coverage="0% (0/2)" hits="0" number="410"/>
						<line hits="0" number="411"/>
						<line hits="0" number="417"/>
						<line branch="true" condition-coverage="50% (1/2)" hits="1" number="419"/>
						<line branch="true" condition-coverage="100% (2/2)" hits="1" number="426"/>
						<line branch="true" condition-coverage="0% (0/2)" hits="0" number="428"/>
						<line hits="0" number="429"/>
						<line hits="0" number="431"/>
						<line hits="0" number="437"/>
						<line hits="0" number="441"/>
						<line hits="1" number="445"/>
						<line branch="true" condition-coverage="50% (1/2)" hits="1" number="446"/>
						<line hits="1" number="447"/>
						<line branch="true" condition-coverage="50% (1/2)" hits="1" number="448"/>
						<line hits="0" number="449"/>
						<line hits="1" number="453"/>
						<line hits="0" number="455"/>
						<line hits="1" number="458"/>
						<line hits="1" number="459"/>
						<line branch="true" condition-coverage="50% (1/2)" hits="1" number="460"/>
						<line hits="0" number="461"/>
						<line branch="true" condition-coverage="50% (1/2)" hits="1" number="465"/>
						<line hits="1" number="466"/>
						<line hits="0" number="467"/>
						<line hits="0" number="470"/>
						<line hits="0" number="472"/>
						<line hits="0" number="480"/>
						<line hits="0" number="481"/>
						<line branch="true" condition-coverage="0% (0/2)" hits="0" number="482"/>
						<line hits="0" number="483"/>
						<line branch="true" condition-coverage="0% (0/2)" hits="0" number="484"/>
						<line hits="0" number="485"/>
						<line hits="0" number="486"/>
						<line hits="0" number="487"/>
						<line branch="true" condition-coverage="0% (0/2)" hits="0" number="489"/>
						<line hits="0" number="490"/>
						<line hits="0" number="491"/>
						<line hits="0" number="493"/>
						<line hits="1" number="494"/>
						<line hits="1" number="495"/>
						<line hits="0" number="496"/>
						<line hits="0" number="497"/>
						<line hits="0" number="498"/>
						<line hits="0" number="499"/>
						<line hits="0" number="500"/>
						<line hits="0" number="501"/>
						<line hits="0" number="502"/>
						<line hits="0" number="503"/>
						<line hits="0" number="504"/>
						<line hits="0" number="505"/>
						<line hits="0" number="506"/>
						<line hits="0" number="508"/>
						<line hits="1" number="512"/>
						<line hits="1" number="513"/>
						<line hits="1" number="514"/>
						<line hits="0" number="515"/>
						<line hits="0" number="516"/>
						<line hits="0" number="517"/>
						<line hits="0" number="518"/>
						<line branch="true" condition-coverage="50% (1/2)" hits="1" number="519"/>
						<line hits="0" number="520"/>
						<line hits="1" number="522"/>
						<line branch="true" condition-coverage="50% (1/2)" hits="1" number="523"/>
						<line hits="0" number="524"/>
						<line hits="0" number="525"/>
						<line hits="0" number="526"/>
						<line hits="0" number="527"/>
						<line hits="0" number="528"/>
						<line hits="0" number="529"/>
						<line branch="true" condition-coverage="50% (1/2)" hits="1" number="531"/>
						<line hits="0" number="534"/>
						<line branch="true" condition-coverage="50% (1/2)" hits="1" number="536"/>
						<line hits="0" number="537"/>
						<line branch="true" condition-coverage="50% (1/2)" hits="1" number="538"/>
						<line branch="true" condition-coverage="50% (1/2)" hits="1" number="539"/>
						<line hits="0" number="540"/>
						<line branch="true" condition-coverage="50% (1/2)" hits="1" number="541"/>
						<line hits="1" number="542"/>
						<line hits="0" number="544"/>
						<line branch="true" condition-coverage="0% (0/2)" hits="0" number="545"/>
						<line branch="true" condition-coverage="0% (0/2)" hits="0" number="546"/>
						<line hits="0" number="547"/>
						<line branch="true" condition-coverage="0% (0/2)" hits="0" number="548"/>
						<line hits="0" number="549"/>
						<line branch="true" condition-coverage="0% (0/2)" hits="0" number="551"/>
						<line hits="0" number="552"/>
						<line hits="0" number="554"/>
						<line branch="true" condition-coverage="0% (0/2)" hits="0" number="555"/>
						<line branch="true" condition-coverage="0% (0/2)" hits="0" number="556"/>
						<line hits="0" number="557"/>
						<line branch="true" condition-coverage="0% (0/2)" hits="0" number="558"/>
						<line hits="0" number="559"/>
						<line hits="0" number="561"/>
						<line hits="0" number="563"/>
						<line hits="0" number="567"/>
						<line hits="0" number="570"/>
						<line hits="0" number="571"/>
						<line branch="true" condition-coverage="0% (0/2)" hits="0" number="572"/>
						<line hits="0" number="573"/>
						<line branch="true" condition-coverage="0% (0/2)" hits="0" number="574"/>
						<line hits="0" number="576"/>
						<line hits="0" number="577"/>
						<line hits="0" number="579"/>
						<line branch="true" condition-coverage="0% (0/2)" hits="0" number="585"/>
						<line hits="0" number="586"/>
						<line branch="true" condition-coverage="0% (0/2)" hits="0" number="587"/>
						<line hits="0" number="588"/>
						<line hits="0" number="590"/>
						<line hits="0" number="591"/>
						<line hits="0" number="592"/>
						<line hits="0" number="594"/>
					</lines>
				</class>
				<class branch-rate="0.1429" complexity="0" filename="/Users/gustavo.guimaraes/.virtualenvs/busca/lib/python2.7/site-packages/nose/plugins/capture.py" line-rate="0.2344" name="/Users/gustavo.guimaraes/.virtualenvs/busca/lib/python2.7/site-packages/nose/plugins/capture">
					<methods/>
					<lines>
						<line hits="0" number="12"/>
						<line hits="0" number="13"/>
						<line hits="0" number="14"/>
						<line hits="0" number="15"/>
						<line hits="0" number="16"/>
						<line hits="0" number="17"/>
						<line hits="0" number="20"/>
						<line hits="0" number="22"/>
						<line hits="0" number="29"/>
						<line hits="0" number="30"/>
						<line hits="0" number="31"/>
						<line hits="0" number="32"/>
						<line hits="0" number="34"/>
						<line hits="0" number="35"/>
						<line hits="0" number="36"/>
						<line hits="0" number="38"/>
						<line hits="0" number="41"/>
						<line hits="0" number="47"/>
						<line hits="0" number="50"/>
						<line branch="true" condition-coverage="0% (0/2)" hits="0" number="51"/>
						<line hits="0" number="52"/>
						<line hits="0" number="54"/>
						<line hits="1" number="57"/>
						<line hits="1" number="58"/>
						<line hits="0" number="60"/>
						<line hits="0" number="63"/>
						<line hits="0" number="65"/>
						<line hits="1" number="68"/>
						<line hits="0" number="70"/>
						<line hits="1" number="73"/>
						<line hits="1" number="74"/>
						<line branch="true" condition-coverage="50% (1/2)" hits="1" number="75"/>
						<line hits="1" number="79"/>
						<line hits="0" number="80"/>
						<line hits="0" number="81"/>
						<line hits="0" number="83"/>
						<line hits="1" number="86"/>
						<line hits="0" number="88"/>
						<line branch="true" condition-coverage="0% (0/2)" hits="0" number="89"/>
						<line branch="true" condition-coverage="0% (0/2)" hits="0" number="90"/>
						<line hits="0" number="92"/>
						<line branch="true" condition-coverage="0% (0/2)" hits="0" number="95"/>
						<line hits="0" number="97"/>
						<line hits="0" number="99"/>
						<line branch="true" condition-coverage="0% (0/3)" hits="0" number="100"/>
						<line hits="0" number="102"/>
						<line hits="0" number="103"/>
						<line branch="true" condition-coverage="0% (0/2)" hits="0" number="104"/>
						<line hits="0" number="105"/>
						<line hits="0" number="106"/>
						<line hits="0" number="109"/>
						<line hits="1" number="110"/>
						<line hits="1" number="111"/>
						<line hits="1" number="112"/>
						<line hits="0" number="114"/>
						<line branch="true" condition-coverage="50% (1/2)" hits="1" number="115"/>
						<line hits="1" number="116"/>
						<line hits="0" number="118"/>
						<line branch="true" condition-coverage="0% (0/2)" hits="0" number="121"/>
						<line hits="0" number="122"/>
						<line hits="0" number="124"/>
						<line branch="true" condition-coverage="50% (1/2)" hits="1" number="125"/>
						<line hits="1" number="126"/>
						<line hits="0" number="128"/>
					</lines>
				</class>
				<class branch-rate="0.07143" complexity="0" filename="/Users/gustavo.guimaraes/.virtualenvs/busca/lib/python2.7/site-packages/nose/plugins/cover.py" line-rate="0.04651" name="/Users/gustavo.guimaraes/.virtualenvs/busca/lib/python2.7/site-packages/nose/plugins/cover">
					<methods/>
					<lines>
						<line hits="0" number="13"/>
						<line hits="0" number="14"/>
						<line hits="0" number="15"/>
						<line hits="0" number="16"/>
						<line hits="0" number="17"/>
						<line hits="0" number="18"/>
						<line hits="0" number="20"/>
						<line hits="0" number="23"/>
						<line hits="0" number="27"/>
						<line hits="0" number="28"/>
						<line hits="0" number="29"/>
						<line hits="0" number="30"/>
						<line hits="0" number="31"/>
						<line hits="0" number="32"/>
						<line hits="0" number="33"/>
						<line hits="0" number="35"/>
						<line hits="0" number="39"/>
						<line hits="0" number="40"/>
						<line hits="0" number="46"/>
						<line hits="0" number="51"/>
						<line hits="0" number="56"/>
						<line hits="0" number="61"/>
						<line hits="0" number="69"/>
						<line hits="0" number="73"/>
						<line hits="0" number="78"/>
						<line hits="0" number="83"/>
						<line hits="0" number="87"/>
						<line hits="0" number="93"/>
						<line hits="0" number="97"/>
						<line hits="0" number="98"/>
						<line hits="0" number="99"/>
						<line hits="0" number="100"/>
						<line hits="0" number="101"/>
						<line branch="true" condition-coverage="0% (0/2)" hits="0" number="102"/>
						<line hits="0" number="103"/>
						<line branch="true" condition-coverage="0% (0/2)" hits="0" number="104"/>
						<line hits="0" number="105"/>
						<line hits="0" number="106"/>
						<line hits="0" number="107"/>
						<line hits="0" number="108"/>
						<line hits="0" number="110"/>
						<line hits="0" number="111"/>
						<line hits="0" number="112"/>
						<line hits="0" number="113"/>
						<line hits="0" number="114"/>
						<line hits="0" number="115"/>
						<line branch="true" condition-coverage="0% (0/2)" hits="0" number="116"/>
						<line branch="true" condition-coverage="0% (0/2)" hits="0" number="117"/>
						<line hits="0" number="118"/>
						<line hits="0" number="119"/>
						<line branch="true" condition-coverage="0% (0/2)" hits="0" number="120"/>
						<line hits="0" number="121"/>
						<line hits="0" number="123"/>
						<line branch="true" condition-coverage="0% (0/2)" hits="0" number="124"/>
						<line hits="0" number="125"/>
						<line hits="0" number="126"/>
						<line hits="0" number="127"/>
						<line hits="0" number="128"/>
						<line branch="true" condition-coverage="0% (0/2)" hits="0" number="129"/>
						<line hits="0" number="130"/>
						<line branch="true" condition-coverage="0% (0/2)" hits="0" number="131"/>
						<line hits="0" number="132"/>
						<line hits="0" number="133"/>
						<line branch="true" condition-coverage="0% (0/2)" hits="0" number="134"/>
						<line hits="0" number="135"/>
						<line hits="0" number="136"/>
						<line hits="0" number="139"/>
						<line hits="0" number="143"/>
						<line hits="0" number="144"/>
						<line branch="true" condition-coverage="0% (0/2)" hits="0" number="145"/>
						<line hits="0" number="146"/>
						<line hits="0" number="147"/>
						<line hits="0" number="148"/>
						<line hits="0" number="149"/>
						<line hits="0" number="150"/>
						<line hits="0" number="151"/>
						<line hits="0" number="153"/>
						<line hits="1" number="157"/>
						<line hits="0" number="158"/>
						<line hits="0" number="159"/>
						<line hits="0" number="160"/>
						<line hits="0" number="161"/>
						<line hits="0" number="164"/>
						<line hits="0" number="165"/>
						<line branch="true" condition-coverage="0% (0/2)" hits="0" number="166"/>
						<line hits="0" number="167"/>
						<line hits="0" number="168"/>
						<line branch="true" condition-coverage="0% (0/2)" hits="0" number="169"/>
						<line hits="0" number="170"/>
						<line hits="0" number="171"/>
						<line branch="true" condition-coverage="0% (0/2)" hits="0" number="174"/>
						<line hits="0" number="175"/>
						<line hits="0" number="176"/>
						<line hits="0" number="177"/>
						<line branch="true" condition-coverage="0% (0/2)" hits="0" number="178"/>
						<line hits="0" number="179"/>
						<line branch="true" condition-coverage="0% (0/2)" hits="0" number="180"/>
						<line hits="0" number="181"/>
						<line hits="0" number="183"/>
						<line hits="0" number="185"/>
						<line hits="0" number="189"/>
						<line branch="true" condition-coverage="0% (0/2)" hits="0" number="190"/>
						<line hits="0" number="191"/>
						<line hits="0" number="192"/>
						<line hits="0" number="193"/>
						<line branch="true" condition-coverage="0% (0/2)" hits="0" number="194"/>
						<line hits="0" number="195"/>
						<line hits="0" number="196"/>
						<line branch="true" condition-coverage="0% (0/2)" hits="0" number="197"/>
						<line branch="true" condition-coverage="0% (0/2)" hits="0" number="198"/>
						<line branch="true" condition-coverage="0% (0/4)" hits="0" number="199"/>
						<line hits="0" number="202"/>
						<line hits="0" number="203"/>
						<line branch="true" condition-coverage="0% (0/2)" hits="0" number="204"/>
						<line hits="0" number="205"/>
						<line hits="0" number="207"/>
						<line branch="true" condition-coverage="0% (0/2)" hits="0" number="208"/>
						<line hits="0" number="209"/>
						<line hits="0" number="210"/>
						<line hits="0" number="214"/>
						<line hits="0" number="216"/>
						<line branch="true" condition-coverage="50% (1/2)" hits="1" number="220"/>
						<line branch="true" condition-coverage="100% (2/2)" hits="1" number="221"/>
						<line branch="true" condition-coverage="50% (1/2)" hits="1" number="222"/>
						<line branch="true" condition-coverage="0% (0/2)" hits="0" number="223"/>
						<line branch="true" condition-coverage="0% (0/2)" hits="0" number="224"/>
						<line hits="0" number="225"/>
						<line hits="1" number="227"/>
						<line hits="1" number="228"/>
					</lines>
				</class>
				<class branch-rate="0.16" complexity="0" filename="/Users/gustavo.guimaraes/.virtualenvs/busca/lib/python2.7/site-packages/nose/plugins/errorclass.py" line-rate="0.09231" name="/Users/gustavo.guimaraes/.virtualenvs/busca/lib/python2.7/site-packages/nose/plugins/errorclass">
					<methods/>
					<lines>
						<line hits="0" number="95"/>
						<line hits="0" number="96"/>
						<line hits="0" number="97"/>
						<line hits="0" number="98"/>
						<line hits="0" number="100"/>
						<line hits="0" number="104"/>
						<line hits="0" number="105"/>
						<line branch="true" condition-coverage="0% (0/2)" hits="0" number="106"/>
						<line branch="true" condition-coverage="0% (0/2)" hits="0" number="107"/>
						<line hits="0" number="108"/>
						<line branch="true" condition-coverage="0% (0/2)" hits="0" number="109"/>
						<line hits="0" number="110"/>
						<line hits="0" number="112"/>
						<line hits="0" number="113"/>
						<line hits="0" number="116"/>
						<line hits="0" number="117"/>
						<line hits="0" number="118"/>
						<line hits="0" number="119"/>
						<line branch="true" condition-coverage="0% (0/2)" hits="0" number="120"/>
						<line hits="0" number="121"/>
						<line hits="0" number="122"/>
						<line hits="0" number="123"/>
						<line hits="0" number="126"/>
						<line hits="0" number="127"/>
						<line hits="0" number="130"/>
						<line hits="0" number="135"/>
						<line hits="0" number="136"/>
						<line hits="0" number="137"/>
						<line hits="0" number="139"/>
						<line hits="0" number="140"/>
						<line branch="true" condition-coverage="0% (0/2)" hits="0" number="141"/>
						<line hits="0" number="142"/>
						<line hits="0" number="143"/>
						<line branch="true" condition-coverage="0% (0/3)" hits="0" number="144"/>
						<line hits="0" number="145"/>
						<line hits="0" number="147"/>
						<line branch="true" condition-coverage="50% (1/2)" hits="1" number="148"/>
						<line hits="0" number="149"/>
						<line branch="true" condition-coverage="100% (2/2)" hits="1" number="150"/>
						<line branch="true" condition-coverage="50% (1/2)" hits="1" number="151"/>
						<line hits="1" number="152"/>
						<line hits="1" number="153"/>
						<line hits="1" number="154"/>
						<line hits="0" number="156"/>
						<line hits="0" number="157"/>
						<line hits="0" number="158"/>
						<line hits="0" number="160"/>
						<line branch="true" condition-coverage="0% (0/2)" hits="0" number="162"/>
						<line hits="0" number="163"/>
						<line branch="true" condition-coverage="0% (0/2)" hits="0" number="165"/>
						<line hits="0" number="166"/>
						<line hits="0" number="168"/>
						<line hits="0" number="171"/>
						<line hits="0" number="176"/>
						<line hits="0" number="179"/>
						<line hits="0" number="183"/>
						<line hits="0" number="186"/>
						<line hits="0" number="190"/>
						<line hits="0" number="193"/>
						<line hits="0" number="198"/>
						<line hits="0" number="201"/>
						<line hits="0" number="205"/>
						<line branch="true" condition-coverage="0% (0/2)" hits="0" number="208"/>
						<line hits="0" number="209"/>
						<line hits="0" number="210"/>
					</lines>
				</class>
				<class branch-rate="0.1562" complexity="0" filename="/Users/gustavo.guimaraes/.virtualenvs/busca/lib/python2.7/site-packages/nose/plugins/logcapture.py" line-rate="0.1382" name="/Users/gustavo.guimaraes/.virtualenvs/busca/lib/python2.7/site-packages/nose/plugins/logcapture">
					<methods/>
					<lines>
						<line hits="0" number="18"/>
						<line hits="0" number="19"/>
						<line hits="0" number="20"/>
						<line hits="0" number="22"/>
						<line hits="0" number="23"/>
						<line hits="0" number="25"/>
						<line hits="0" number="26"/>
						<line hits="0" number="27"/>
						<line hits="0" number="28"/>
						<line hits="0" number="30"/>
						<line hits="0" number="32"/>
						<line hits="0" number="33"/>
						<line hits="0" number="34"/>
						<line hits="0" number="37"/>
						<line hits="0" number="38"/>
						<line branch="true" condition-coverage="0% (0/2)" hits="0" number="39"/>
						<line branch="true" condition-coverage="0% (0/2)" hits="0" number="40"/>
						<line hits="0" number="41"/>
						<line hits="0" number="43"/>
						<line hits="0" number="44"/>
						<line hits="0" number="45"/>
						<line hits="0" number="47"/>
						<line branch="true" condition-coverage="0% (0/2)" hits="0" number="49"/>
						<line hits="0" number="51"/>
						<line hits="0" number="52"/>
						<line hits="0" number="55"/>
						<line hits="0" number="58"/>
						<line hits="0" number="59"/>
						<line hits="0" number="60"/>
						<line hits="0" number="61"/>
						<line hits="0" number="63"/>
						<line branch="true" condition-coverage="0% (0/2)" hits="0" number="64"/>
						<line hits="0" number="65"/>
						<line hits="0" number="66"/>
						<line hits="0" number="68"/>
						<line branch="true" condition-coverage="0% (0/2)" hits="0" number="69"/>
						<line hits="0" number="70"/>
						<line hits="0" number="71"/>
						<line hits="0" number="74"/>
						<line hits="0" number="75"/>
						<line hits="0" number="76"/>
						<line hits="0" number="77"/>
						<line hits="0" number="78"/>
						<line hits="0" number="79"/>
						<line hits="0" number="80"/>
						<line hits="0" number="81"/>
						<line hits="0" number="82"/>
						<line hits="1" number="83"/>
						<line hits="0" number="84"/>
						<line hits="0" number="85"/>
						<line hits="0" number="86"/>
						<line hits="0" number="87"/>
						<line hits="0" number="88"/>
						<line hits="0" number="89"/>
						<line hits="0" number="90"/>
						<line hits="0" number="91"/>
						<line hits="0" number="92"/>
						<line hits="0" number="95"/>
						<line hits="0" number="102"/>
						<line hits="0" number="103"/>
						<line hits="0" number="104"/>
						<line hits="0" number="105"/>
						<line hits="0" number="106"/>
						<line hits="0" number="107"/>
						<line hits="0" number="108"/>
						<line hits="0" number="109"/>
						<line hits="0" number="111"/>
						<line hits="0" number="114"/>
						<line hits="0" number="120"/>
						<line hits="0" number="127"/>
						<line hits="0" number="134"/>
						<line hits="0" number="148"/>
						<line hits="0" number="152"/>
						<line hits="0" number="157"/>
						<line hits="0" number="160"/>
						<line branch="true" condition-coverage="0% (0/2)" hits="0" number="163"/>
						<line hits="0" number="164"/>
						<line hits="0" number="165"/>
						<line hits="0" number="166"/>
						<line hits="0" number="167"/>
						<line hits="0" number="168"/>
						<line branch="true" condition-coverage="0% (0/2)" hits="0" number="169"/>
						<line hits="0" number="170"/>
						<line hits="0" number="172"/>
						<line hits="1" number="174"/>
						<line branch="true" condition-coverage="50% (1/2)" hits="1" number="175"/>
						<line branch="true" condition-coverage="0% (0/2)" hits="0" number="176"/>
						<line branch="true" condition-coverage="0% (0/2)" hits="0" number="177"/>
						<line hits="0" number="178"/>
						<line branch="true" condition-coverage="0% (0/2)" hits="0" number="179"/>
						<line branch="true" condition-coverage="0% (0/2)" hits="0" number="180"/>
						<line branch="true" condition-coverage="0% (0/2)" hits="0" number="181"/>
						<line hits="0" number="182"/>
						<line branch="true" condition-coverage="100% (2/2)" hits="1" number="189"/>
						<line branch="true" condition-coverage="50% (1/2)" hits="1" number="190"/>
						<line hits="1" number="191"/>
						<line hits="1" number="192"/>
						<line hits="1" number="194"/>
						<line hits="1" number="195"/>
						<line hits="0" number="197"/>
						<line hits="0" number="200"/>
						<line hits="0" number="202"/>
						<line hits="0" number="203"/>
						<line hits="0" number="205"/>
						<line hits="0" number="207"/>
						<line hits="0" number="208"/>
						<line hits="0" number="210"/>
						<line hits="1" number="213"/>
						<line hits="0" number="215"/>
						<line hits="1" number="218"/>
						<line hits="0" number="220"/>
						<line hits="1" number="223"/>
						<line hits="0" number="225"/>
						<line hits="1" number="229"/>
						<line branch="true" condition-coverage="50% (1/2)" hits="1" number="230"/>
						<line hits="1" number="231"/>
						<line hits="0" number="232"/>
						<line hits="0" number="233"/>
						<line hits="0" number="235"/>
						<line hits="1" number="236"/>
						<line hits="1" number="237"/>
						<line hits="0" number="239"/>
						<line hits="0" number="240"/>
					</lines>
				</class>
				<class branch-rate="0.2418" complexity="0" filename="/Users/gustavo.guimaraes/.virtualenvs/busca/lib/python2.7/site-packages/nose/plugins/manager.py" line-rate="0.1509" name="/Users/gustavo.guimaraes/.virtualenvs/busca/lib/python2.7/site-packages/nose/plugins/manager">
					<methods/>
					<lines>
						<line hits="0" number="51"/>
						<line hits="0" number="52"/>
						<line hits="0" number="53"/>
						<line hits="0" number="54"/>
						<line hits="0" number="55"/>
						<line hits="0" number="56"/>
						<line hits="0" number="57"/>
						<line hits="0" number="58"/>
						<line hits="0" number="59"/>
						<line hits="0" number="60"/>
						<line hits="0" number="62"/>
						<line hits="0" number="63"/>
						<line hits="0" number="64"/>
						<line hits="0" number="65"/>
						<line hits="0" number="66"/>
						<line hits="0" number="67"/>
						<line hits="0" number="68"/>
						<line hits="0" number="69"/>
						<line hits="0" number="72"/>
						<line hits="0" number="75"/>
						<line hits="0" number="78"/>
						<line hits="0" number="86"/>
						<line hits="0" number="87"/>
						<line hits="1" number="88"/>
						<line hits="1" number="89"/>
						<line hits="0" number="90"/>
						<line hits="0" number="91"/>
						<line hits="1" number="93"/>
						<line hits="1" number="94"/>
						<line branch="true" condition-coverage="100% (2/2)" hits="1" number="95"/>
						<line hits="1" number="96"/>
						<line hits="0" number="98"/>
						<line hits="1" number="99"/>
						<line hits="0" number="101"/>
						<line hits="1" number="105"/>
						<line branch="true" condition-coverage="100% (2/2)" hits="1" number="106"/>
						<line branch="true" condition-coverage="66% (2/3)" hits="1" number="107"/>
						<line hits="0" number="109"/>
						<line branch="true" condition-coverage="0% (0/2)" hits="0" number="110"/>
						<line hits="1" number="111"/>
						<line hits="0" number="113"/>
						<line branch="true" condition-coverage="100% (2/2)" hits="1" number="114"/>
						<line hits="1" number="118"/>
						<line hits="1" number="120"/>
						<line branch="true" condition-coverage="100% (2/2)" hits="1" number="121"/>
						<line branch="true" condition-coverage="100% (2/2)" hits="1" number="123"/>
						<line branch="true" condition-coverage="100% (2/2)" hits="1" number="124"/>
						<line hits="1" number="125"/>
						<line hits="1" number="128"/>
						<line hits="0" number="130"/>
						<line hits="1" number="134"/>
						<line hits="1" number="137"/>
						<line branch="true" condition-coverage="100% (2/2)" hits="1" number="140"/>
						<line hits="1" number="141"/>
						<line hits="1" number="142"/>
						<line hits="1" number="143"/>
						<line hits="1" number="144"/>
						<line hits="0" number="146"/>
						<line branch="true" condition-coverage="50% (1/2)" hits="1" number="149"/>
						<line hits="0" number="150"/>
						<line hits="0" number="151"/>
						<line hits="0" number="152"/>
						<line branch="true" condition-coverage="0% (0/2)" hits="0" number="153"/>
						<line branch="true" condition-coverage="0% (0/2)" hits="0" number="154"/>
						<line hits="0" number="155"/>
						<line hits="0" number="156"/>
						<line hits="0" number="157"/>
						<line hits="0" number="158"/>
						<line hits="0" number="159"/>
						<line hits="0" number="160"/>
						<line hits="0" number="161"/>
						<line hits="0" number="163"/>
						<line branch="true" condition-coverage="100% (2/2)" hits="1" number="166"/>
						<line hits="1" number="167"/>
						<line branch="true" condition-coverage="100% (2/2)" hits="1" number="168"/>
						<line hits="1" number="169"/>
						<line hits="0" number="171"/>
						<line hits="1" number="177"/>
						<line branch="true" condition-coverage="50% (1/2)" hits="1" number="178"/>
						<line hits="0" number="179"/>
						<line branch="true" condition-coverage="0% (0/2)" hits="0" number="180"/>
						<line hits="0" number="181"/>
						<line branch="true" condition-coverage="0% (0/2)" hits="0" number="182"/>
						<line hits="0" number="183"/>
						<line hits="1" number="184"/>
						<line hits="0" number="187"/>
						<line hits="0" number="189"/>
						<line hits="0" number="190"/>
						<line hits="0" number="191"/>
						<line hits="0" number="193"/>
						<line hits="0" number="194"/>
						<line hits="0" number="196"/>
						<line hits="0" number="197"/>
						<line hits="0" number="199"/>
						<line hits="0" number="200"/>
						<line hits="0" number="202"/>
						<line hits="0" number="203"/>
						<line branch="true" condition-coverage="0% (0/2)" hits="0" number="204"/>
						<line hits="0" number="205"/>
						<line hits="0" number="207"/>
						<line hits="0" number="209"/>
						<line hits="0" number="210"/>
						<line hits="0" number="212"/>
						<line hits="0" number="213"/>
						<line hits="0" number="215"/>
						<line hits="0" number="216"/>
						<line hits="0" number="218"/>
						<line hits="0" number="219"/>
						<line hits="0" number="221"/>
						<line hits="0" number="222"/>
						<line hits="0" number="225"/>
						<line hits="0" number="237"/>
						<line hits="0" number="239"/>
						<line hits="0" number="240"/>
						<line hits="0" number="241"/>
						<line hits="0" number="242"/>
						<line branch="true" condition-coverage="0% (0/2)" hits="0" number="243"/>
						<line hits="0" number="244"/>
						<line branch="true" condition-coverage="0% (0/2)" hits="0" number="245"/>
						<line hits="0" number="246"/>
						<line hits="0" number="248"/>
						<line hits="1" number="249"/>
						<line hits="1" number="250"/>
						<line hits="1" number="251"/>
						<line hits="1" number="252"/>
						<line hits="1" number="253"/>
						<line hits="1" number="254"/>
						<line hits="0" number="256"/>
						<line hits="0" number="257"/>
						<line hits="0" number="259"/>
						<line hits="0" number="262"/>
						<line hits="0" number="263"/>
						<line hits="0" number="265"/>
						<line hits="0" number="267"/>
						<line hits="0" number="272"/>
						<line branch="true" condition-coverage="0% (0/2)" hits="0" number="273"/>
						<line hits="0" number="274"/>
						<line hits="0" number="276"/>
						<line hits="0" number="281"/>
						<line hits="0" number="282"/>
						<line hits="0" number="283"/>
						<line hits="0" number="284"/>
						<line hits="0" number="285"/>
						<line hits="0" number="286"/>
						<line hits="0" number="287"/>
						<line hits="0" number="288"/>
						<line hits="0" number="290"/>
						<line branch="true" condition-coverage="0% (0/2)" hits="0" number="291"/>
						<line hits="0" number="292"/>
						<line hits="0" number="294"/>
						<line branch="true" condition-coverage="0% (0/2)" hits="0" number="295"/>
						<line hits="0" number="297"/>
						<line hits="0" number="298"/>
						<line hits="0" number="300"/>
						<line hits="0" number="301"/>
						<line hits="0" number="302"/>
						<line hits="0" number="304"/>
						<line hits="0" number="309"/>
						<line hits="0" number="312"/>
						<line hits="0" number="313"/>
						<line hits="0" number="315"/>
						<line hits="0" number="316"/>
						<line hits="0" number="318"/>
						<line branch="true" condition-coverage="0% (0/2)" hits="0" number="319"/>
						<line hits="0" number="320"/>
						<line hits="0" number="322"/>
						<line hits="0" number="323"/>
						<line branch="true" condition-coverage="0% (0/2)" hits="0" number="324"/>
						<line branch="true" condition-coverage="0% (0/2)" hits="0" number="325"/>
						<line hits="0" number="326"/>
						<line hits="0" number="327"/>
						<line branch="true" condition-coverage="0% (0/2)" hits="0" number="328"/>
						<line branch="true" condition-coverage="0% (0/2)" hits="0" number="329"/>
						<line hits="0" number="330"/>
						<line hits="0" number="331"/>
						<line hits="0" number="333"/>
						<line hits="0" number="334"/>
						<line hits="0" number="336"/>
						<line branch="true" condition-coverage="0% (0/2)" hits="0" number="337"/>
						<line hits="0" number="338"/>
						<line hits="0" number="340"/>
						<line branch="true" condition-coverage="0% (0/2)" hits="0" number="341"/>
						<line hits="0" number="342"/>
						<line hits="0" number="344"/>
						<line hits="0" number="345"/>
						<line hits="0" number="346"/>
						<line hits="0" number="348"/>
						<line branch="true" condition-coverage="0% (0/2)" hits="0" number="349"/>
						<line hits="0" number="350"/>
						<line hits="0" number="351"/>
						<line hits="0" number="352"/>
						<line hits="0" number="354"/>
						<line branch="true" condition-coverage="0% (0/2)" hits="0" number="355"/>
						<line hits="0" number="356"/>
						<line hits="0" number="357"/>
						<line hits="0" number="359"/>
						<line branch="true" condition-coverage="0% (0/2)" hits="0" number="360"/>
						<line hits="0" number="361"/>
						<line hits="0" number="362"/>
						<line hits="0" number="364"/>
						<line hits="0" number="365"/>
						<line hits="0" number="368"/>
						<line hits="0" number="372"/>
						<line hits="0" number="375"/>
						<line hits="0" number="378"/>
						<line hits="0" number="379"/>
						<line branch="true" condition-coverage="0% (0/2)" hits="0" number="380"/>
						<line branch="true" condition-coverage="0% (0/2)" hits="0" number="381"/>
						<line branch="true" condition-coverage="0% (0/2)" hits="0" number="382"/>
						<line hits="0" number="383"/>
						<line hits="0" number="384"/>
						<line hits="0" number="385"/>
						<line hits="0" number="386"/>
						<line hits="0" number="387"/>
						<line hits="0" number="388"/>
						<line hits="0" number="389"/>
						<line hits="0" number="390"/>
						<line hits="0" number="394"/>
						<line hits="0" number="396"/>
						<line branch="true" condition-coverage="0% (0/2)" hits="0" number="397"/>
						<line hits="0" number="398"/>
						<line hits="0" number="400"/>
						<line hits="0" number="401"/>
						<line hits="0" number="402"/>
						<line hits="0" number="405"/>
						<line hits="0" number="409"/>
						<line hits="0" number="412"/>
						<line branch="true" condition-coverage="0% (0/2)" hits="0" number="413"/>
						<line hits="0" number="414"/>
						<line hits="0" number="415"/>
						<line hits="0" number="417"/>
						<line hits="0" number="418"/>
						<line hits="0" number="419"/>
						<line hits="0" number="420"/>
						<line hits="0" number="422"/>
						<line hits="0" number="423"/>
						<line hits="0" number="424"/>
						<line hits="0" number="426"/>
						<line hits="0" number="432"/>
						<line hits="0" number="433"/>
						<line hits="0" number="434"/>
						<line hits="0" number="435"/>
						<line hits="0" number="436"/>
						<line hits="0" number="437"/>
						<line hits="0" number="439"/>
						<line branch="true" condition-coverage="0% (0/2)" hits="0" number="440"/>
						<line hits="0" number="441"/>
						<line hits="0" number="442"/>
						<line branch="true" condition-coverage="0% (0/2)" hits="0" number="443"/>
						<line hits="0" number="444"/>
						<line hits="0" number="445"/>
						<line hits="0" number="447"/>
						<line branch="true" condition-coverage="0% (0/2)" hits="0" number="448"/>
						<line hits="0" number="449"/>
						<line hits="0" number="450"/>
						<line branch="true" condition-coverage="0% (0/2)" hits="0" number="451"/>
						<line hits="0" number="452"/>
						<line branch="true" condition-coverage="0% (0/2)" hits="0" number="453"/>
						<line branch="true" condition-coverage="0% (0/2)" hits="0" number="454"/>
						<line hits="0" number="455"/>
						<line hits="0" number="456"/>
						<line hits="0" number="457"/>
						<line branch="true" condition-coverage="0% (0/2)" hits="0" number="458"/>
						<line hits="0" number="459"/>
						<line hits="0" number="460"/>
					</lines>
				</class>
				<class branch-rate="0.4545" complexity="0" filename="/Users/gustavo.guimaraes/.virtualenvs/busca/lib/python2.7/site-packages/nose/proxy.py" line-rate="0.3874" name="/Users/gustavo.guimaraes/.virtualenvs/busca/lib/python2.7/site-packages/nose/proxy">
					<methods/>
					<lines>
						<line hits="0" number="18"/>
						<line hits="0" number="19"/>
						<line hits="0" number="22"/>
						<line hits="0" number="25"/>
						<line hits="0" number="29"/>
						<line hits="1" number="30"/>
						<line hits="0" number="31"/>
						<line hits="0" number="32"/>
						<line hits="0" number="33"/>
						<line hits="0" number="34"/>
						<line hits="0" number="35"/>
						<line hits="0" number="38"/>
						<line hits="0" number="42"/>
						<line branch="true" condition-coverage="50% (1/2)" hits="1" number="43"/>
						<line hits="0" number="44"/>
						<line hits="1" number="45"/>
						<line hits="1" number="46"/>
						<line hits="1" number="47"/>
						<line hits="0" number="49"/>
						<line branch="true" condition-coverage="100% (2/2)" hits="1" number="57"/>
						<line hits="1" number="58"/>
						<line hits="1" number="59"/>
						<line branch="true" condition-coverage="50% (1/2)" hits="1" number="60"/>
						<line hits="0" number="61"/>
						<line branch="true" condition-coverage="50% (1/2)" hits="1" number="62"/>
						<line hits="0" number="63"/>
						<line hits="1" number="64"/>
						<line hits="0" number="67"/>
						<line hits="0" number="77"/>
						<line branch="true" condition-coverage="50% (1/2)" hits="1" number="78"/>
						<line hits="0" number="79"/>
						<line hits="1" number="80"/>
						<line hits="1" number="81"/>
						<line hits="1" number="82"/>
						<line hits="1" number="83"/>
						<line hits="0" number="85"/>
						<line hits="0" number="86"/>
						<line hits="0" number="88"/>
						<line branch="true" condition-coverage="50% (1/2)" hits="1" number="89"/>
						<line hits="0" number="92"/>
						<line hits="0" number="95"/>
						<line hits="0" number="96"/>
						<line hits="0" number="97"/>
						<line hits="0" number="98"/>
						<line hits="1" number="99"/>
						<line hits="0" number="101"/>
						<line hits="1" number="105"/>
						<line branch="true" condition-coverage="100% (3/3)" hits="1" number="106"/>
						<line hits="0" number="112"/>
						<line hits="1" number="113"/>
						<line hits="1" number="114"/>
						<line branch="true" condition-coverage="50% (1/2)" hits="1" number="115"/>
						<line hits="0" number="116"/>
						<line hits="0" number="118"/>
						<line hits="1" number="119"/>
						<line hits="1" number="120"/>
						<line branch="true" condition-coverage="50% (1/2)" hits="1" number="121"/>
						<line hits="0" number="122"/>
						<line hits="0" number="124"/>
						<line hits="0" number="125"/>
						<line hits="0" number="126"/>
						<line hits="0" number="127"/>
						<line branch="true" condition-coverage="0% (0/2)" hits="0" number="128"/>
						<line hits="0" number="129"/>
						<line hits="0" number="131"/>
						<line branch="true" condition-coverage="0% (0/2)" hits="0" number="132"/>
						<line hits="0" number="133"/>
						<line hits="0" number="134"/>
						<line hits="0" number="135"/>
						<line branch="true" condition-coverage="0% (0/2)" hits="0" number="136"/>
						<line hits="0" number="137"/>
						<line hits="0" number="139"/>
						<line hits="1" number="140"/>
						<line hits="1" number="141"/>
						<line hits="1" number="142"/>
						<line branch="true" condition-coverage="50% (1/2)" hits="1" number="143"/>
						<line hits="0" number="144"/>
						<line hits="1" number="145"/>
						<line hits="1" number="146"/>
						<line branch="true" condition-coverage="50% (1/2)" hits="1" number="147"/>
						<line hits="1" number="148"/>
						<line hits="1" number="149"/>
						<line hits="1" number="150"/>
						<line branch="true" condition-coverage="50% (1/2)" hits="1" number="151"/>
						<line hits="0" number="152"/>
						<line hits="0" number="154"/>
						<line hits="0" number="156"/>
						<line hits="0" number="157"/>
						<line hits="0" number="158"/>
						<line branch="true" condition-coverage="0% (0/2)" hits="0" number="159"/>
						<line hits="0" number="161"/>
						<line hits="0" number="162"/>
						<line hits="0" number="163"/>
						<line hits="0" number="165"/>
						<line hits="0" number="166"/>
						<line hits="0" number="167"/>
						<line hits="0" number="168"/>
						<line hits="0" number="170"/>
						<line hits="1" number="171"/>
						<line hits="1" number="172"/>
						<line hits="1" number="173"/>
						<line hits="0" number="175"/>
						<line hits="0" number="176"/>
						<line hits="0" number="178"/>
						<line hits="1" number="179"/>
						<line hits="1" number="180"/>
						<line hits="1" number="181"/>
						<line hits="0" number="184"/>
						<line hits="0" number="186"/>
						<line hits="0" number="188"/>
						<line hits="0" number="190"/>
					</lines>
				</class>
				<class branch-rate="0" complexity="0" filename="/Users/gustavo.guimaraes/.virtualenvs/busca/lib/python2.7/site-packages/nose/pyversion.py" line-rate="0.1154" name="/Users/gustavo.guimaraes/.virtualenvs/busca/lib/python2.7/site-packages/nose/pyversion">
					<methods/>
					<lines>
						<line hits="0" number="4"/>
						<line hits="0" number="5"/>
						<line hits="0" number="6"/>
						<line hits="0" number="7"/>
						<line hits="0" number="8"/>
						<line hits="0" number="10"/>
						<line hits="0" number="17"/>
						<line hits="0" number="21"/>
						<line hits="0" number="22"/>
						<line hits="0" number="23"/>
						<line hits="0" number="24"/>
						<line hits="0" number="26"/>
						<line hits="0" number="27"/>
						<line hits="0" number="28"/>
						<line hits="0" number="33"/>
						<line hits="1" number="35"/>
						<line hits="1" number="36"/>
						<line hits="1" number="37"/>
						<line hits="1" number="38"/>
						<line hits="0" number="39"/>
						<line hits="1" number="40"/>
						<line hits="0" number="41"/>
						<line hits="1" number="42"/>
						<line hits="0" number="43"/>
						<line hits="1" number="44"/>
						<line branch="true" condition-coverage="0% (0/2)" hits="0" number="48"/>
						<line hits="0" number="49"/>
						<line branch="true" condition-coverage="0% (0/2)" hits="0" number="50"/>
						<line branch="true" condition-coverage="0% (0/2)" hits="0" number="51"/>
						<line branch="true" condition-coverage="0% (0/2)" hits="0" number="53"/>
						<line hits="0" number="55"/>
						<line hits="1" number="56"/>
						<line branch="true" condition-coverage="0% (0/2)" hits="0" number="61"/>
						<line hits="0" number="62"/>
						<line hits="0" number="63"/>
						<line hits="0" number="65"/>
						<line hits="0" number="66"/>
						<line hits="0" number="71"/>
						<line hits="0" number="72"/>
						<line hits="0" number="75"/>
						<line hits="0" number="76"/>
						<line hits="0" number="77"/>
						<line hits="0" number="79"/>
						<line hits="0" number="80"/>
						<line hits="0" number="81"/>
						<line hits="0" number="82"/>
						<line hits="0" number="83"/>
						<line branch="true" condition-coverage="0% (0/2)" hits="0" number="84"/>
						<line hits="0" number="85"/>
						<line hits="0" number="86"/>
						<line hits="0" number="89"/>
						<line hits="0" number="90"/>
						<line hits="0" number="92"/>
						<line hits="0" number="93"/>
						<line hits="0" number="95"/>
						<line hits="0" number="96"/>
						<line hits="0" number="99"/>
						<line hits="0" number="100"/>
						<line hits="0" number="101"/>
						<line hits="0" number="105"/>
						<line branch="true" condition-coverage="0% (0/2)" hits="0" number="106"/>
						<line hits="0" number="107"/>
						<line hits="0" number="109"/>
						<line hits="0" number="111"/>
						<line branch="true" condition-coverage="0% (0/2)" hits="0" number="112"/>
						<line hits="0" number="113"/>
						<line branch="true" condition-coverage="0% (0/2)" hits="0" number="114"/>
						<line hits="0" number="115"/>
						<line hits="0" number="116"/>
						<line hits="0" number="118"/>
						<line hits="1" number="119"/>
						<line branch="true" condition-coverage="0% (0/2)" hits="0" number="123"/>
						<line hits="0" number="124"/>
						<line branch="true" condition-coverage="0% (0/2)" hits="0" number="125"/>
						<line hits="0" number="126"/>
						<line hits="0" number="127"/>
						<line hits="0" number="129"/>
						<line hits="0" number="130"/>
					</lines>
				</class>
				<class branch-rate="0.1429" complexity="0" filename="/Users/gustavo.guimaraes/.virtualenvs/busca/lib/python2.7/site-packages/nose/result.py" line-rate="0.1298" name="/Users/gustavo.guimaraes/.virtualenvs/busca/lib/python2.7/site-packages/nose/result">
					<methods/>
					<lines>
						<line hits="0" number="11"/>
						<line hits="0" number="12"/>
						<line hits="0" number="14"/>
						<line hits="0" number="15"/>
						<line hits="0" number="16"/>
						<line hits="0" number="17"/>
						<line hits="0" number="18"/>
						<line hits="0" number="20"/>
						<line hits="0" number="23"/>
						<line hits="0" number="25"/>
						<line hits="0" number="26"/>
						<line hits="0" number="27"/>
						<line hits="0" number="28"/>
						<line hits="0" number="31"/>
						<line hits="0" number="36"/>
						<line branch="true" condition-coverage="50% (1/2)" hits="1" number="38"/>
						<line hits="1" number="39"/>
						<line hits="1" number="40"/>
						<line branch="true" condition-coverage="50% (1/2)" hits="1" number="41"/>
						<line hits="0" number="42"/>
						<line hits="1" number="43"/>
						<line hits="1" number="44"/>
						<line hits="0" number="46"/>
						<line hits="0" number="48"/>
						<line branch="true" condition-coverage="0% (0/2)" hits="0" number="49"/>
						<line hits="0" number="50"/>
						<line hits="0" number="51"/>
						<line hits="0" number="52"/>
						<line hits="0" number="54"/>
						<line hits="0" number="59"/>
						<line hits="0" number="60"/>
						<line hits="0" number="61"/>
						<line hits="0" number="62"/>
						<line hits="0" number="64"/>
						<line branch="true" condition-coverage="0% (0/2)" hits="0" number="65"/>
						<line branch="true" condition-coverage="0% (0/2)" hits="0" number="69"/>
						<line branch="true" condition-coverage="0% (0/2)" hits="0" number="70"/>
						<line hits="0" number="71"/>
						<line hits="0" number="72"/>
						<line hits="0" number="73"/>
						<line hits="0" number="74"/>
						<line hits="0" number="75"/>
						<line hits="0" number="76"/>
						<line hits="0" number="77"/>
						<line hits="0" number="80"/>
						<line branch="true" condition-coverage="50% (1/2)" hits="1" number="81"/>
						<line hits="1" number="82"/>
						<line hits="0" number="84"/>
						<line hits="0" number="86"/>
						<line hits="0" number="88"/>
						<line branch="true" condition-coverage="0% (0/2)" hits="0" number="89"/>
						<line branch="true" condition-coverage="0% (0/2)" hits="0" number="90"/>
						<line hits="0" number="91"/>
						<line branch="true" condition-coverage="0% (0/2)" hits="0" number="92"/>
						<line hits="0" number="93"/>
						<line branch="true" condition-coverage="0% (0/2)" hits="0" number="94"/>
						<line hits="0" number="95"/>
						<line hits="0" number="96"/>
						<line branch="true" condition-coverage="0% (0/2)" hits="0" number="97"/>
						<line hits="0" number="98"/>
						<line hits="0" number="100"/>
						<line hits="1" number="103"/>
						<line branch="true" condition-coverage="100% (2/2)" hits="1" number="104"/>
						<line hits="1" number="105"/>
						<line branch="true" condition-coverage="50% (1/2)" hits="1" number="106"/>
						<line hits="0" number="107"/>
						<line branch="true" condition-coverage="50% (1/2)" hits="1" number="109"/>
						<line hits="0" number="110"/>
						<line hits="0" number="112"/>
						<line hits="0" number="116"/>
						<line hits="0" number="117"/>
						<line hits="0" number="118"/>
						<line hits="0" number="119"/>
						<line hits="0" number="120"/>
						<line hits="0" number="122"/>
						<line hits="0" number="123"/>
						<line hits="0" number="124"/>
						<line hits="0" number="126"/>
						<line hits="0" number="127"/>
[...]
						<line hits="0" number="54"/>
						<line hits="1" number="56"/>
						<line hits="0" number="57"/>
						<line branch="true" condition-coverage="0% (0/2)" hits="0" number="58"/>
						<line hits="0" number="59"/>
						<line hits="0" number="60"/>
						<line hits="0" number="61"/>
						<line hits="1" number="63"/>
						<line hits="0" number="64"/>
						<line branch="true" condition-coverage="0% (0/2)" hits="0" number="65"/>
						<line hits="0" number="66"/>
						<line branch="true" condition-coverage="0% (0/2)" hits="0" number="67"/>
						<line hits="0" number="68"/>
						<line hits="0" number="69"/>
						<line hits="1" number="71"/>
						<line hits="0" number="72"/>
						<line branch="true" condition-coverage="0% (0/2)" hits="0" number="73"/>
						<line hits="0" number="74"/>
						<line branch="true" condition-coverage="0% (0/2)" hits="0" number="75"/>
						<line hits="0" number="76"/>
						<line hits="0" number="77"/>
						<line hits="1" number="79"/>
						<line hits="0" number="80"/>
						<line branch="true" condition-coverage="0% (0/2)" hits="0" number="81"/>
						<line hits="0" number="82"/>
						<line branch="true" condition-coverage="0% (0/2)" hits="0" number="83"/>
						<line hits="0" number="84"/>
						<line hits="0" number="85"/>
						<line hits="1" number="87"/>
						<line hits="0" number="88"/>
						<line branch="true" condition-coverage="0% (0/2)" hits="0" number="89"/>
						<line hits="0" number="90"/>
						<line branch="true" condition-coverage="0% (0/2)" hits="0" number="91"/>
						<line hits="0" number="92"/>
						<line hits="0" number="93"/>
						<line hits="1" number="95"/>
						<line hits="0" number="96"/>
						<line branch="true" condition-coverage="0% (0/2)" hits="0" number="97"/>
						<line hits="0" number="98"/>
						<line branch="true" condition-coverage="0% (0/2)" hits="0" number="99"/>
						<line hits="0" number="100"/>
						<line hits="0" number="101"/>
						<line hits="1" number="103"/>
						<line hits="0" number="104"/>
						<line branch="true" condition-coverage="0% (0/2)" hits="0" number="105"/>
						<line hits="0" number="106"/>
						<line branch="true" condition-coverage="0% (0/2)" hits="0" number="107"/>
						<line hits="0" number="108"/>
						<line hits="0" number="109"/>
						<line hits="1" number="111"/>
						<line branch="true" condition-coverage="0% (0/2)" hits="0" number="112"/>
						<line hits="0" number="113"/>
						<line hits="0" number="114"/>
						<line hits="0" number="115"/>
						<line hits="1" number="117"/>
						<line branch="true" condition-coverage="0% (0/2)" hits="0" number="118"/>
						<line hits="0" number="119"/>
						<line hits="0" number="120"/>
						<line hits="0" number="121"/>
						<line hits="0" number="122"/>
						<line hits="1" number="124"/>
						<line hits="0" number="125"/>
						<line hits="0" number="126"/>
						<line hits="1" number="129"/>
						<line hits="1" number="135"/>
						<line hits="1" number="137"/>
						<line hits="0" number="139"/>
						<line hits="0" number="140"/>
						<line hits="0" number="141"/>
						<line hits="0" number="142"/>
						<line hits="0" number="143"/>
						<line branch="true" condition-coverage="0% (0/2)" hits="0" number="144"/>
						<line hits="0" number="145"/>
						<line hits="1" number="147"/>
						<line hits="0" number="148"/>
						<line hits="1" number="150"/>
						<line hits="0" number="152"/>
						<line hits="0" number="153"/>
						<line hits="0" number="154"/>
						<line hits="0" number="155"/>
						<line hits="0" number="157"/>
						<line hits="0" number="158"/>
						<line branch="true" condition-coverage="0% (0/2)" hits="0" number="159"/>
						<line hits="0" number="160"/>
						<line hits="0" number="161"/>
						<line hits="0" number="162"/>
						<line hits="0" number="164"/>
						<line branch="true" condition-coverage="0% (0/2)" hits="0" number="165"/>
						<line hits="0" number="166"/>
						<line hits="0" number="168"/>
						<line hits="0" number="169"/>
						<line hits="0" number="170"/>
						<line branch="true" condition-coverage="0% (0/2)" hits="0" number="171"/>
						<line hits="0" number="172"/>
						<line hits="0" number="173"/>
						<line hits="0" number="174"/>
						<line hits="0" number="176"/>
						<line hits="0" number="178"/>
						<line hits="0" number="179"/>
						<line hits="0" number="180"/>
						<line hits="0" number="183"/>
						<line hits="0" number="184"/>
						<line hits="0" number="185"/>
						<line hits="0" number="186"/>
						<line branch="true" condition-coverage="0% (0/2)" hits="0" number="187"/>
						<line hits="0" number="188"/>
						<line hits="0" number="189"/>
						<line branch="true" condition-coverage="0% (0/2)" hits="0" number="190"/>
						<line hits="0" number="191"/>
						<line branch="true" condition-coverage="0% (0/2)" hits="0" number="192"/>
						<line hits="0" number="193"/>
						<line hits="0" number="195"/>
						<line branch="true" condition-coverage="0% (0/2)" hits="0" number="196"/>
						<line hits="0" number="197"/>
						<line branch="true" condition-coverage="0% (0/2)" hits="0" number="198"/>
						<line hits="0" number="199"/>
						<line branch="true" condition-coverage="0% (0/2)" hits="0" number="200"/>
						<line hits="0" number="201"/>
						<line branch="true" condition-coverage="0% (0/2)" hits="0" number="202"/>
						<line hits="0" number="203"/>
						<line hits="0" number="205"/>
						<line hits="0" number="206"/>
					</lines>
				</class>
				<class branch-rate="0" complexity="0" filename="/usr/local/lib/python2.7/site-packages/unittest2-0.5.1-py2.7.egg/unittest2/signals.py" line-rate="0.3333" name="/usr/local/lib/python2.7/site-packages/unittest2-0.5.1-py2.7.egg/unittest2/signals">
					<methods/>
					<lines>
						<line hits="1" number="1"/>
						<line hits="1" number="2"/>
						<line hits="1" number="4"/>
						<line hits="1" number="6"/>
						<line hits="1" number="9"/>
						<line hits="1" number="10"/>
						<line hits="0" number="11"/>
						<line hits="0" number="12"/>
						<line hits="1" number="14"/>
						<line hits="0" number="15"/>
						<line branch="true" condition-coverage="0% (0/2)" hits="0" number="16"/>
						<line hits="0" number="19"/>
						<line branch="true" condition-coverage="0% (0/2)" hits="0" number="21"/>
						<line hits="0" number="22"/>
						<line hits="0" number="23"/>
						<line branch="true" condition-coverage="0% (0/2)" hits="0" number="24"/>
						<line hits="0" number="25"/>
						<line hits="1" number="27"/>
						<line hits="1" number="28"/>
						<line hits="0" number="29"/>
						<line hits="1" number="31"/>
						<line hits="0" number="32"/>
						<line hits="1" number="34"/>
						<line hits="1" number="35"/>
						<line branch="true" condition-coverage="0% (0/2)" hits="0" number="37"/>
						<line hits="0" number="38"/>
						<line hits="0" number="39"/>
						<line hits="0" number="40"/>
						<line hits="1" number="43"/>
						<line branch="true" condition-coverage="0% (0/2)" hits="0" number="44"/>
						<line hits="0" number="45"/>
						<line hits="0" number="47"/>
						<line hits="0" number="48"/>
						<line hits="0" number="49"/>
						<line hits="0" number="50"/>
						<line hits="0" number="52"/>
						<line hits="0" number="53"/>
						<line branch="true" condition-coverage="0% (0/2)" hits="0" number="56"/>
						<line hits="0" number="57"/>
					</lines>
				</class>
				<class branch-rate="0" complexity="0" filename="/usr/local/lib/python2.7/site-packages/unittest2-0.5.1-py2.7.egg/unittest2/suite.py" line-rate="0.2121" name="/usr/local/lib/python2.7/site-packages/unittest2-0.5.1-py2.7.egg/unittest2/suite">
					<methods/>
					<lines>
						<line hits="1" number="3"/>
						<line hits="1" number="4"/>
						<line hits="1" number="5"/>
						<line hits="1" number="7"/>
						<line hits="1" number="10"/>
						<line hits="1" number="13"/>
						<line hits="0" number="14"/>
						<line hits="0" number="15"/>
						<line hits="1" number="17"/>
						<line hits="0" number="18"/>
						<line hits="1" number="20"/>
						<line branch="true" condition-coverage="0% (0/2)" hits="0" number="21"/>
						<line hits="0" number="22"/>
						<line hits="0" number="23"/>
						<line hits="1" number="25"/>
						<line hits="0" number="26"/>
						<line hits="1" number="29"/>
						<line hits="1" number="31"/>
						<line hits="0" number="32"/>
						<line hits="1" number="34"/>
						<line hits="0" number="35"/>
						<line branch="true" condition-coverage="0% (0/2)" hits="0" number="36"/>
						<line hits="0" number="37"/>
						<line hits="0" number="38"/>
						<line hits="1" number="40"/>
						<line branch="true" condition-coverage="0% (0/2)" hits="0" number="42"/>
						<line hits="0" number="43"/>
						<line branch="true" condition-coverage="0% (0/3)" hits="0" number="44"/>
						<line hits="0" number="46"/>
						<line hits="0" number="48"/>
						<line hits="1" number="50"/>
						<line branch="true" condition-coverage="0% (0/2)" hits="0" number="51"/>
						<line hits="0" number="52"/>
						<line branch="true" condition-coverage="0% (0/2)" hits="0" number="53"/>
						<line hits="0" number="54"/>
						<line hits="1" number="56"/>
						<line branch="true" condition-coverage="0% (0/2)" hits="0" number="57"/>
						<line branch="true" condition-coverage="0% (0/2)" hits="0" number="58"/>
						<line hits="0" number="59"/>
						<line hits="0" number="60"/>
						<line hits="0" number="61"/>
						<line hits="1" number="63"/>
						<line hits="0" number="64"/>
						<line hits="1" number="66"/>
						<line branch="true" condition-coverage="0% (0/2)" hits="0" number="68"/>
						<line hits="0" number="69"/>
						<line hits="1" number="72"/>
						<line hits="1" number="83"/>
						<line hits="0" number="84"/>
						<line hits="0" number="85"/>
						<line hits="0" number="86"/>
						<line hits="0" number="87"/>
						<line hits="1" number="89"/>
						<line hits="0" number="91"/>
						<line hits="0" number="92"/>
						<line hits="0" number="93"/>
						<line hits="0" number="94"/>
						<line hits="1" number="98"/>
						<line branch="true" condition-coverage="0% (0/2)" hits="0" number="99"/>
						<line branch="true" condition-coverage="0% (0/2)" hits="0" number="100"/>
						<line hits="0" number="101"/>
						<line branch="true" condition-coverage="0% (0/2)" hits="0" number="103"/>
						<line hits="0" number="104"/>
						<line hits="0" number="105"/>
						<line hits="0" number="106"/>
						<line hits="0" number="107"/>
						<line branch="true" condition-coverage="0% (0/3)" hits="0" number="109"/>
						<line hits="0" number="111"/>
						<line branch="true" condition-coverage="0% (0/2)" hits="0" number="113"/>
						<line hits="0" number="114"/>
						<line branch="true" condition-coverage="0% (0/2)" hits="0" number="115"/>
						<line hits="0" number="116"/>
						<line hits="0" number="118"/>
						<line hits="1" number="120"/>
						<line hits="0" number="121"/>
						<line hits="0" number="122"/>
						<line branch="true" condition-coverage="0% (0/2)" hits="0" number="123"/>
						<line hits="0" number="124"/>
						<line branch="true" condition-coverage="0% (0/2)" hits="0" number="125"/>
						<line hits="0" number="126"/>
						<line branch="true" condition-coverage="0% (0/2)" hits="0" number="127"/>
						<line hits="0" number="128"/>
						<line hits="0" number="130"/>
						<line hits="0" number="131"/>
						<line hits="0" number="132"/>
						<line hits="0" number="135"/>
						<line hits="0" number="137"/>
						<line branch="true" condition-coverage="0% (0/2)" hits="0" number="138"/>
						<line hits="0" number="139"/>
						<line hits="0" number="140"/>
						<line hits="0" number="141"/>
						<line branch="true" condition-coverage="0% (0/2)" hits="0" number="142"/>
						<line hits="0" number="143"/>
						<line hits="0" number="144"/>
						<line hits="0" number="145"/>
						<line hits="0" number="146"/>
						<line hits="0" number="147"/>
						<line hits="1" number="149"/>
						<line hits="0" number="150"/>
						<line hits="0" number="151"/>
						<line branch="true" condition-coverage="0% (0/2)" hits="0" number="152"/>
						<line hits="0" number="153"/>
						<line hits="0" number="154"/>
						<line hits="1" number="157"/>
						<line hits="0" number="158"/>
						<line hits="0" number="159"/>
						<line branch="true" condition-coverage="0% (0/2)" hits="0" number="160"/>
						<line hits="0" number="161"/>
						<line hits="0" number="163"/>
						<line hits="0" number="166"/>
						<line hits="0" number="167"/>
						<line hits="0" number="168"/>
						<line hits="0" number="169"/>
						<line hits="0" number="170"/>
						<line hits="0" number="171"/>
						<line branch="true" condition-coverage="0% (0/2)" hits="0" number="172"/>
						<line hits="0" number="173"/>
						<line hits="0" number="174"/>
						<line hits="0" number="175"/>
						<line branch="true" condition-coverage="0% (0/2)" hits="0" number="176"/>
						<line hits="0" number="177"/>
						<line hits="0" number="178"/>
						<line hits="0" number="179"/>
						<line hits="0" number="180"/>
						<line hits="1" number="182"/>
						<line hits="0" number="183"/>
						<line hits="0" number="184"/>
						<line branch="true" condition-coverage="0% (0/2)" hits="0" number="185"/>
						<line hits="0" number="186"/>
						<line hits="0" number="188"/>
						<line hits="1" number="190"/>
						<line hits="0" number="191"/>
						<line branch="true" condition-coverage="0% (0/2)" hits="0" number="192"/>
						<line hits="0" number="193"/>
						<line branch="true" condition-coverage="0% (0/2)" hits="0" number="194"/>
						<line hits="0" number="195"/>
						<line hits="0" number="197"/>
						<line hits="0" number="198"/>
						<line hits="0" number="199"/>
						<line hits="0" number="200"/>
						<line hits="0" number="202"/>
						<line branch="true" condition-coverage="0% (0/2)" hits="0" number="203"/>
						<line hits="0" number="204"/>
						<line hits="0" number="205"/>
						<line hits="0" number="206"/>
						<line branch="true" condition-coverage="0% (0/2)" hits="0" number="207"/>
						<line hits="0" number="208"/>
						<line hits="0" number="209"/>
						<line hits="0" number="210"/>
						<line hits="1" number="212"/>
						<line hits="0" number="213"/>
						<line hits="0" number="214"/>
						<line branch="true" condition-coverage="0% (0/2)" hits="0" number="215"/>
						<line hits="0" number="216"/>
						<line branch="true" condition-coverage="0% (0/2)" hits="0" number="217"/>
						<line hits="0" number="218"/>
						<line branch="true" condition-coverage="0% (0/2)" hits="0" number="219"/>
						<line hits="0" number="220"/>
						<line branch="true" condition-coverage="0% (0/2)" hits="0" number="221"/>
						<line hits="0" number="222"/>
						<line hits="0" number="224"/>
						<line branch="true" condition-coverage="0% (0/2)" hits="0" number="225"/>
						<line hits="0" number="226"/>
						<line hits="0" number="227"/>
						<line hits="0" number="228"/>
						<line branch="true" condition-coverage="0% (0/2)" hits="0" number="229"/>
						<line hits="0" number="230"/>
						<line hits="0" number="231"/>
						<line hits="0" number="232"/>
						<line hits="0" number="233"/>
						<line hits="1" number="236"/>
						<line hits="1" number="246"/>
						<line hits="1" number="248"/>
						<line hits="0" number="249"/>
						<line hits="1" number="251"/>
						<line hits="0" number="252"/>
						<line hits="1" number="254"/>
						<line hits="0" number="255"/>
						<line hits="1" number="257"/>
						<line hits="0" number="258"/>
						<line hits="1" number="260"/>
						<line hits="0" number="261"/>
						<line hits="1" number="263"/>
						<line hits="0" number="266"/>
						<line hits="1" number="268"/>
						<line hits="0" number="269"/>
						<line hits="1" number="271"/>
						<line hits="0" number="272"/>
						<line hits="1" number="274"/>
						<line hits="0" number="276"/>
						<line hits="0" number="277"/>
						<line hits="0" number="278"/>
						<line hits="0" number="279"/>
						<line hits="0" number="280"/>
						<line hits="1" number="283"/>
						<line hits="1" number="285"/>
						<line hits="1" number="286"/>
						<line hits="1" number="287"/>
					</lines>
				</class>
				<class branch-rate="0.2121" complexity="0" filename="/usr/local/lib/python2.7/site-packages/unittest2-0.5.1-py2.7.egg/unittest2/util.py" line-rate="0.1622" name="/usr/local/lib/python2.7/site-packages/unittest2-0.5.1-py2.7.egg/unittest2/util">
					<methods/>
					<lines>
						<line hits="1" number="3"/>
						<line hits="1" number="6"/>
						<line hits="1" number="7"/>
						<line hits="1" number="8"/>
						<line hits="1" number="9"/>
						<line hits="0" number="10"/>
						<line hits="0" number="11"/>
						<line branch="true" condition-coverage="50% (1/2)" hits="1" number="12"/>
						<line hits="1" number="13"/>
						<line hits="0" number="14"/>
						<line hits="1" number="16"/>
						<line hits="0" number="17"/>
						<line hits="0" number="18"/>
						<line hits="0" number="19"/>
						<line hits="0" number="20"/>
						<line hits="1" number="22"/>
						<line hits="1" number="23"/>
						<line hits="1" number="25"/>
						<line hits="0" number="33"/>
						<line hits="0" number="34"/>
						<line hits="0" number="35"/>
						<line branch="true" condition-coverage="100% (2/2)" hits="0" number="36"/>
						<line hits="0" number="37"/>
						<line hits="0" number="38"/>
						<line hits="0" number="39"/>
						<line branch="true" condition-coverage="0% (0/2)" hits="0" number="40"/>
						<line hits="0" number="41"/>
						<line hits="0" number="42"/>
						<line branch="true" condition-coverage="0% (0/3)" hits="0" number="43"/>
						<line hits="0" number="44"/>
						<line branch="true" condition-coverage="0% (0/2)" hits="0" number="45"/>
						<line hits="0" number="46"/>
						<line hits="0" number="47"/>
						<line branch="true" condition-coverage="0% (0/3)" hits="0" number="48"/>
						<line hits="0" number="49"/>
						<line hits="0" number="51"/>
						<line hits="0" number="52"/>
						<line branch="true" condition-coverage="0% (0/2)" hits="0" number="53"/>
						<line hits="0" number="54"/>
						<line hits="0" number="56"/>
						<line branch="true" condition-coverage="0% (0/3)" hits="0" number="57"/>
						<line hits="0" number="58"/>
						<line hits="0" number="59"/>
						<line hits="0" number="60"/>
						<line hits="0" number="61"/>
						<line hits="0" number="62"/>
						<line hits="0" number="63"/>
						<line hits="1" number="65"/>
						<line hits="0" number="72"/>
						<line hits="0" number="73"/>
						<line branch="true" condition-coverage="0% (0/2)" hits="0" number="74"/>
						<line hits="0" number="75"/>
						<line hits="0" number="76"/>
						<line hits="0" number="77"/>
						<line hits="0" number="78"/>
						<line hits="0" number="79"/>
						<line branch="true" condition-coverage="0% (0/2)" hits="0" number="80"/>
						<line branch="true" condition-coverage="0% (0/2)" hits="0" number="81"/>
						<line hits="0" number="82"/>
						<line branch="true" condition-coverage="100% (2/2)" hits="0" number="83"/>
						<line hits="0" number="84"/>
						<line hits="0" number="85"/>
						<line hits="0" number="86"/>
						<line branch="true" condition-coverage="0% (0/2)" hits="0" number="87"/>
						<line branch="true" condition-coverage="0% (0/2)" hits="0" number="88"/>
						<line hits="0" number="89"/>
						<line hits="0" number="90"/>
						<line hits="0" number="91"/>
						<line branch="true" condition-coverage="100% (2/2)" hits="0" number="92"/>
						<line hits="0" number="93"/>
						<line hits="0" number="94"/>
						<line hits="0" number="95"/>
						<line hits="0" number="96"/>
						<line hits="0" number="99"/>
					</lines>
				</class>
			</classes>
		</package>
	</packages>
</coverage>
